Using pre-set license
Built from '2021.3/staging' branch; Version is '2021.3.23f1 (213b516bf396) revision 2177873'; Using compiler version '192829333'; Build Type 'Release'
OS: 'Windows 11  (10.0.22621) 64bit Professional' Language: 'en' Physical Memory: 16294 MB
BatchMode: 1, IsHumanControllingUs: 0, StartBugReporterOnCrash: 0, Is64bit: 1, IsPro: 1

COMMAND LINE ARGUMENTS:
C:\Program Files\Unity\Hub\Editor\2021.3.23f1\Editor\Unity.exe
-adb2
-batchMode
-noUpm
-name
AssetImportWorker7
-projectPath
C:/Users/Liam Whitbeck/Documents/OU Spring 2023/Computer Graphics/04_Timmy_Mousey_SOURCE_CODE/Timmy_Mousey_SOURCE_CODE/Timmy & Mousey
-logFile
Logs/AssetImportWorker7.log
-srvPort
58656
Successfully changed project path to: C:/Users/Liam Whitbeck/Documents/OU Spring 2023/Computer Graphics/04_Timmy_Mousey_SOURCE_CODE/Timmy_Mousey_SOURCE_CODE/Timmy & Mousey
C:/Users/Liam Whitbeck/Documents/OU Spring 2023/Computer Graphics/04_Timmy_Mousey_SOURCE_CODE/Timmy_Mousey_SOURCE_CODE/Timmy & Mousey
[UnityMemory] Configuration Parameters - Can be set up in boot.config
    "memorysetup-bucket-allocator-granularity=16"
    "memorysetup-bucket-allocator-bucket-count=8"
    "memorysetup-bucket-allocator-block-size=33554432"
    "memorysetup-bucket-allocator-block-count=8"
    "memorysetup-main-allocator-block-size=16777216"
    "memorysetup-thread-allocator-block-size=16777216"
    "memorysetup-gfx-main-allocator-block-size=16777216"
    "memorysetup-gfx-thread-allocator-block-size=16777216"
    "memorysetup-cache-allocator-block-size=4194304"
    "memorysetup-typetree-allocator-block-size=2097152"
    "memorysetup-profiler-bucket-allocator-granularity=16"
    "memorysetup-profiler-bucket-allocator-bucket-count=8"
    "memorysetup-profiler-bucket-allocator-block-size=33554432"
    "memorysetup-profiler-bucket-allocator-block-count=8"
    "memorysetup-profiler-allocator-block-size=16777216"
    "memorysetup-profiler-editor-allocator-block-size=1048576"
    "memorysetup-temp-allocator-size-main=16777216"
    "memorysetup-job-temp-allocator-block-size=2097152"
    "memorysetup-job-temp-allocator-block-size-background=1048576"
    "memorysetup-job-temp-allocator-reduction-small-platforms=262144"
    "memorysetup-temp-allocator-size-background-worker=32768"
    "memorysetup-temp-allocator-size-job-worker=262144"
    "memorysetup-temp-allocator-size-preload-manager=33554432"
    "memorysetup-temp-allocator-size-nav-mesh-worker=65536"
    "memorysetup-temp-allocator-size-audio-worker=65536"
    "memorysetup-temp-allocator-size-cloud-worker=32768"
    "memorysetup-temp-allocator-size-gi-baking-worker=262144"
    "memorysetup-temp-allocator-size-gfx=262144"
Player connection [28156] Host "[IP] 192.168.1.7 [Port] 0 [Flags] 2 [Guid] 2795690858 [EditorId] 2795690858 [Version] 1048832 [Id] WindowsEditor(7,DESKTOP-DJRGAAC) [Debug] 1 [PackageName] WindowsEditor [ProjectName] Editor" joined multi-casting on [225.0.0.222:54997]...

Player connection [28156] Host "[IP] 192.168.1.7 [Port] 0 [Flags] 2 [Guid] 2795690858 [EditorId] 2795690858 [Version] 1048832 [Id] WindowsEditor(7,DESKTOP-DJRGAAC) [Debug] 1 [PackageName] WindowsEditor [ProjectName] Editor" joined alternative multi-casting on [225.0.0.222:34997]...

Refreshing native plugins compatible for Editor in 59.75 ms, found 2 plugins.
Preloading 0 native plugins for Editor in 0.00 ms.
Initialize engine version: 2021.3.23f1 (213b516bf396)
[Subsystems] Discovering subsystems at path C:/Program Files/Unity/Hub/Editor/2021.3.23f1/Editor/Data/Resources/UnitySubsystems
[Subsystems] Discovering subsystems at path C:/Users/Liam Whitbeck/Documents/OU Spring 2023/Computer Graphics/04_Timmy_Mousey_SOURCE_CODE/Timmy_Mousey_SOURCE_CODE/Timmy & Mousey/Assets
GfxDevice: creating device client; threaded=0; jobified=0
Direct3D:
    Version:  Direct3D 11.0 [level 11.1]
    Renderer: NVIDIA GeForce RTX 3060 Ti (ID=0x2489)
    Vendor:   NVIDIA
    VRAM:     8038 MB
    Driver:   31.0.15.2824
Initialize mono
Mono path[0] = 'C:/Program Files/Unity/Hub/Editor/2021.3.23f1/Editor/Data/Managed'
Mono path[1] = 'C:/Program Files/Unity/Hub/Editor/2021.3.23f1/Editor/Data/MonoBleedingEdge/lib/mono/unityjit-win32'
Mono config path = 'C:/Program Files/Unity/Hub/Editor/2021.3.23f1/Editor/Data/MonoBleedingEdge/etc'
Using monoOptions --debugger-agent=transport=dt_socket,embedding=1,server=y,suspend=n,address=127.0.0.1:56224
Begin MonoManager ReloadAssembly
Registering precompiled unity dll's ...
Register platform support module: C:/Program Files/Unity/Hub/Editor/2021.3.23f1/Editor/Data/PlaybackEngines/WebGLSupport/UnityEditor.WebGL.Extensions.dll
Register platform support module: C:/Program Files/Unity/Hub/Editor/2021.3.23f1/Editor/Data/PlaybackEngines/WindowsStandaloneSupport/UnityEditor.WindowsStandalone.Extensions.dll
Registered in 0.005156 seconds.
Native extension for WindowsStandalone target not found
Native extension for WebGL target not found
Refreshing native plugins compatible for Editor in 45.76 ms, found 2 plugins.
Preloading 0 native plugins for Editor in 0.00 ms.
Mono: successfully reloaded assembly
- Completed reload, in  0.542 seconds
Domain Reload Profiling:
	ReloadAssembly (543ms)
		BeginReloadAssembly (80ms)
			ExecutionOrderSort (0ms)
			DisableScriptedObjects (0ms)
			BackupInstance (0ms)
			ReleaseScriptingObjects (0ms)
			CreateAndSetChildDomain (1ms)
		EndReloadAssembly (372ms)
			LoadAssemblies (78ms)
			RebuildTransferFunctionScriptingTraits (0ms)
			SetupTypeCache (93ms)
			ReleaseScriptCaches (0ms)
			RebuildScriptCaches (23ms)
			SetupLoadedEditorAssemblies (210ms)
				LogAssemblyErrors (0ms)
				InitializePlatformSupportModulesInManaged (7ms)
				SetLoadedEditorAssemblies (0ms)
				RefreshPlugins (46ms)
				BeforeProcessingInitializeOnLoad (1ms)
				ProcessInitializeOnLoadAttributes (117ms)
				ProcessInitializeOnLoadMethodAttributes (37ms)
				AfterProcessingInitializeOnLoad (0ms)
				EditorAssembliesLoaded (0ms)
			ExecutionOrderSort2 (0ms)
			AwakeInstancesAfterBackupRestoration (0ms)
Platform modules already initialized, skipping
Registering precompiled user dll's ...
Registered in 0.006417 seconds.
Begin MonoManager ReloadAssembly
Native extension for WindowsStandalone target not found
Native extension for WebGL target not found
Refreshing native plugins compatible for Editor in 0.83 ms, found 2 plugins.
Preloading 0 native plugins for Editor in 0.00 ms.
Mono: successfully reloaded assembly
- Completed reload, in  0.928 seconds
Domain Reload Profiling:
	ReloadAssembly (929ms)
		BeginReloadAssembly (101ms)
			ExecutionOrderSort (0ms)
			DisableScriptedObjects (5ms)
			BackupInstance (0ms)
			ReleaseScriptingObjects (0ms)
			CreateAndSetChildDomain (17ms)
		EndReloadAssembly (729ms)
			LoadAssemblies (76ms)
			RebuildTransferFunctionScriptingTraits (0ms)
			SetupTypeCache (171ms)
			ReleaseScriptCaches (1ms)
			RebuildScriptCaches (43ms)
			SetupLoadedEditorAssemblies (410ms)
				LogAssemblyErrors (0ms)
				InitializePlatformSupportModulesInManaged (6ms)
				SetLoadedEditorAssemblies (0ms)
				RefreshPlugins (1ms)
				BeforeProcessingInitializeOnLoad (68ms)
				ProcessInitializeOnLoadAttributes (200ms)
				ProcessInitializeOnLoadMethodAttributes (128ms)
				AfterProcessingInitializeOnLoad (6ms)
				EditorAssembliesLoaded (0ms)
			ExecutionOrderSort2 (0ms)
			AwakeInstancesAfterBackupRestoration (6ms)
Platform modules already initialized, skipping
========================================================================
Worker process is ready to serve import requests
Launched and connected shader compiler UnityShaderCompiler.exe after 0.04 seconds
Refreshing native plugins compatible for Editor in 0.79 ms, found 2 plugins.
Preloading 0 native plugins for Editor in 0.00 ms.
Unloading 2379 Unused Serialized files (Serialized files now loaded: 0)
Unloading 61 unused Assets / (61.1 KB). Loaded Objects now: 2846.
Memory consumption went from 170.3 MB to 170.2 MB.
Total: 6.172800 ms (FindLiveObjects: 0.216300 ms CreateObjectMapping: 0.069100 ms MarkObjects: 5.724000 ms  DeleteObjects: 0.162100 ms)

AssetImportParameters requested are different than current active one (requested -> active):
  custom:video-decoder-ogg-theora: a1e56fd34408186e4bbccfd4996cb3dc -> 
  custom:container-muxer-webm: aa71ff27fc2769a1b78a27578f13a17b -> 
  custom:container-demuxer-webm: 4f35f7cbe854078d1ac9338744f61a02 -> 
  custom:video-encoder-webm-vp8: eb34c28f22e8b96e1ab97ce403110664 -> 
  custom:video-codec-MediaFoundation-h265: 746d11721c4dcdbdad8f713fa42b33f4 -> 
  custom:audio-encoder-webm-vorbis: bf7c407c2cedff20999df2af8eb42d56 -> 
  custom:framework-win-MediaFoundation: 216162199b28c13a410421893ffa2e32 -> 
  custom:container-demuxer-ogg: 62fdf1f143b41e24485cea50d1cbac27 -> 
  custom:video-decoder-webm-vp8: 9c59270c3fd7afecdb556c50c9e8de78 -> 
  custom:audio-decoder-ogg-vorbis: bf7c407c2cedff20999df2af8eb42d56 -> 
========================================================================
Received Import Request.
  Time since last request: 527662.829239 seconds.
  path: Assets/CityVoxelPack/Assets/buildings/medium/Mesh/building13.obj
  artifactKey: Guid(0fa25c0c90e843241abdfcd9e00d4016) Importer(815301076,1909f56bfc062723c751e8b465ee728b)
Start importing Assets/CityVoxelPack/Assets/buildings/medium/Mesh/building13.obj using Guid(0fa25c0c90e843241abdfcd9e00d4016) Importer(815301076,1909f56bfc062723c751e8b465ee728b)  -> (artifact id: 'e09eeb8da910e06b780ecdaabcf4d7f4') in 0.198994 seconds 
========================================================================
Received Import Request.
  Time since last request: 2.290423 seconds.
  path: Assets/Lowpoly_Crates/Meshes/Crate_02.fbx
  artifactKey: Guid(12551519c72530748bcfb060dfc2db09) Importer(815301076,1909f56bfc062723c751e8b465ee728b)
Start importing Assets/Lowpoly_Crates/Meshes/Crate_02.fbx using Guid(12551519c72530748bcfb060dfc2db09) Importer(815301076,1909f56bfc062723c751e8b465ee728b)  -> (artifact id: 'cae2e53a20cba28bee7545bfd2dc0d5a') in 0.040408 seconds 
========================================================================
Received Import Request.
  Time since last request: 0.000017 seconds.
  path: Assets/Lowpoly_Crates/Meshes/Crate_01.fbx
  artifactKey: Guid(35b0539c06d90884da7fb5a3a09953a3) Importer(815301076,1909f56bfc062723c751e8b465ee728b)
Start importing Assets/Lowpoly_Crates/Meshes/Crate_01.fbx using Guid(35b0539c06d90884da7fb5a3a09953a3) Importer(815301076,1909f56bfc062723c751e8b465ee728b)  -> (artifact id: '00cc04f72bda5925b97826b83ad913de') in 0.028105 seconds 
========================================================================
Received Import Request.
  Time since last request: 9.903966 seconds.
  path: Assets/Lowpoly_Crates/Meshes/Crate_07.fbx
  artifactKey: Guid(428ff4211032ac247ada0b3350894e11) Importer(815301076,1909f56bfc062723c751e8b465ee728b)
Start importing Assets/Lowpoly_Crates/Meshes/Crate_07.fbx using Guid(428ff4211032ac247ada0b3350894e11) Importer(815301076,1909f56bfc062723c751e8b465ee728b)  -> (artifact id: '596f3e2af090cb882947c505ca5b4fad') in 0.024040 seconds 
========================================================================
Received Import Request.
  Time since last request: 0.025769 seconds.
  path: Assets/Lowpoly_Crates/Meshes/Crate_12.fbx
  artifactKey: Guid(cef2b61bb60e04743a3ffe30a9c6b853) Importer(815301076,1909f56bfc062723c751e8b465ee728b)
Start importing Assets/Lowpoly_Crates/Meshes/Crate_12.fbx using Guid(cef2b61bb60e04743a3ffe30a9c6b853) Importer(815301076,1909f56bfc062723c751e8b465ee728b)  -> (artifact id: 'f19dc23debd55d059cdd72f54b60f767') in 0.017982 seconds 
========================================================================
Received Import Request.
  Time since last request: 0.314151 seconds.
  path: Assets/BrokenVector/LowPolyCarPack/ExampleAssets/Models/Environment.fbx
  artifactKey: Guid(b77dc7d4143e7174ea7b21514826d310) Importer(815301076,1909f56bfc062723c751e8b465ee728b)
Start importing Assets/BrokenVector/LowPolyCarPack/ExampleAssets/Models/Environment.fbx using Guid(b77dc7d4143e7174ea7b21514826d310) Importer(815301076,1909f56bfc062723c751e8b465ee728b)  -> (artifact id: 'c575cf1730b7707baf71705a36a48efb') in 0.032686 seconds 
========================================================================
Received Import Request.
  Time since last request: 0.600734 seconds.
  path: Assets/Space_Objects/Models/Ultimate.fbx
  artifactKey: Guid(cc741c5b9a02e4fe99123077b7fdba7a) Importer(815301076,1909f56bfc062723c751e8b465ee728b)
Start importing Assets/Space_Objects/Models/Ultimate.fbx using Guid(cc741c5b9a02e4fe99123077b7fdba7a) Importer(815301076,1909f56bfc062723c751e8b465ee728b)  -> (artifact id: '467b2e651c62964469d8d8aded1eda46') in 0.200643 seconds 
========================================================================
Received Import Request.
  Time since last request: 0.000023 seconds.
  path: Assets/BrokenVector/LowPolyFencePack/Models/Fence Type2 03.dae
  artifactKey: Guid(d48bf2190ea9990478b126e5e2540a8d) Importer(815301076,1909f56bfc062723c751e8b465ee728b)
Start importing Assets/BrokenVector/LowPolyFencePack/Models/Fence Type2 03.dae using Guid(d48bf2190ea9990478b126e5e2540a8d) Importer(815301076,1909f56bfc062723c751e8b465ee728b)  -> (artifact id: '9c45d0d82b3120de0cb6593d03820111') in 0.027548 seconds 
========================================================================
Received Import Request.
  Time since last request: 0.000037 seconds.
  path: Assets/CityVoxelPack/Assets/buildings/props/windows/Mesh/window2_3x2.obj
  artifactKey: Guid(b32d582fd72647643883f1017549146b) Importer(815301076,1909f56bfc062723c751e8b465ee728b)
Start importing Assets/CityVoxelPack/Assets/buildings/props/windows/Mesh/window2_3x2.obj using Guid(b32d582fd72647643883f1017549146b) Importer(815301076,1909f56bfc062723c751e8b465ee728b)  -> (artifact id: '9651635ed560af953113598e8df49d42') in 0.031684 seconds 
========================================================================
Received Import Request.
  Time since last request: 0.000033 seconds.
  path: Assets/CityVoxelPack/Assets/buildings/props/doors/Mesh/door2_4x3.obj
  artifactKey: Guid(0f141ae37acd2934d8ece52f4faae11c) Importer(815301076,1909f56bfc062723c751e8b465ee728b)
Start importing Assets/CityVoxelPack/Assets/buildings/props/doors/Mesh/door2_4x3.obj using Guid(0f141ae37acd2934d8ece52f4faae11c) Importer(815301076,1909f56bfc062723c751e8b465ee728b)  -> (artifact id: '2263f0af4ea41edf70324bbca1616ce3') in 0.027084 seconds 
========================================================================
Received Import Request.
  Time since last request: 0.000024 seconds.
  path: Assets/BrokenVector/LowPolyFencePack/Models/Fence Type4 Big.dae
  artifactKey: Guid(73b1ed3ef1428a24787cba8b7d5ac6b1) Importer(815301076,1909f56bfc062723c751e8b465ee728b)
Start importing Assets/BrokenVector/LowPolyFencePack/Models/Fence Type4 Big.dae using Guid(73b1ed3ef1428a24787cba8b7d5ac6b1) Importer(815301076,1909f56bfc062723c751e8b465ee728b)  -> (artifact id: '6f2932d54c848bb6939e5666895e944a') in 0.019050 seconds 
========================================================================
Received Import Request.
  Time since last request: 0.000021 seconds.
  path: Assets/CityVoxelPack/Assets/buildings/props/windows/Mesh/window1_2x2.obj
  artifactKey: Guid(80e8cbf773609d04b8e71577562698b4) Importer(815301076,1909f56bfc062723c751e8b465ee728b)
Start importing Assets/CityVoxelPack/Assets/buildings/props/windows/Mesh/window1_2x2.obj using Guid(80e8cbf773609d04b8e71577562698b4) Importer(815301076,1909f56bfc062723c751e8b465ee728b)  -> (artifact id: '99e5cbfa729d5ad40c546345b15aadae') in 0.033575 seconds 
========================================================================
Received Import Request.
  Time since last request: 0.000024 seconds.
  path: Assets/BrokenVector/LowPolyFencePack/Models/Fence Type6 Small.dae
  artifactKey: Guid(32ece367df421af48acad3f16120520c) Importer(815301076,1909f56bfc062723c751e8b465ee728b)
Start importing Assets/BrokenVector/LowPolyFencePack/Models/Fence Type6 Small.dae using Guid(32ece367df421af48acad3f16120520c) Importer(815301076,1909f56bfc062723c751e8b465ee728b)  -> (artifact id: '741c6210c092f7b8c0fc7c740a125bef') in 0.019808 seconds 
========================================================================
Received Import Request.
  Time since last request: 0.000022 seconds.
  path: Assets/BrokenVector/LowPolyFencePack/Models/Fence Type3 01.dae
  artifactKey: Guid(7e1ddd08b1b2c354a8ad951245480569) Importer(815301076,1909f56bfc062723c751e8b465ee728b)
Start importing Assets/BrokenVector/LowPolyFencePack/Models/Fence Type3 01.dae using Guid(7e1ddd08b1b2c354a8ad951245480569) Importer(815301076,1909f56bfc062723c751e8b465ee728b)  -> (artifact id: 'e630a220269f968705f16a469e84d634') in 0.019599 seconds 
========================================================================
Received Import Request.
  Time since last request: 0.000018 seconds.
  path: Assets/Low Poly Pillar Set/mobile_pillar01_c.fbx
  artifactKey: Guid(410132fce60406348b3cf73cec40fda1) Importer(815301076,1909f56bfc062723c751e8b465ee728b)
Start importing Assets/Low Poly Pillar Set/mobile_pillar01_c.fbx using Guid(410132fce60406348b3cf73cec40fda1) Importer(815301076,1909f56bfc062723c751e8b465ee728b)  -> (artifact id: '3cb2d40b197f6e04ab5ba4d4feff665b') in 0.022291 seconds 
========================================================================
Received Import Request.
  Time since last request: 0.000019 seconds.
  path: Assets/BrokenVector/LowPolyFencePack/Models/Fence Type5 Small.dae
  artifactKey: Guid(860b4a48bd6f3cf4b958a1d928e3c111) Importer(815301076,1909f56bfc062723c751e8b465ee728b)
Start importing Assets/BrokenVector/LowPolyFencePack/Models/Fence Type5 Small.dae using Guid(860b4a48bd6f3cf4b958a1d928e3c111) Importer(815301076,1909f56bfc062723c751e8b465ee728b)  -> (artifact id: '6804fc02323d043b7ddf85c2051a1b0f') in 0.018022 seconds 
========================================================================
Received Import Request.
  Time since last request: 0.000021 seconds.
  path: Assets/LowPolyChristmasAddOn/Meshes/Baulble_2.fbx
  artifactKey: Guid(ebd01c72b8bfc414e9687ef86c7f56bf) Importer(815301076,1909f56bfc062723c751e8b465ee728b)
Start importing Assets/LowPolyChristmasAddOn/Meshes/Baulble_2.fbx using Guid(ebd01c72b8bfc414e9687ef86c7f56bf) Importer(815301076,1909f56bfc062723c751e8b465ee728b)  -> (artifact id: 'a063b93b9d05c34a273449fd4246ec8f') in 0.030836 seconds 
========================================================================
Received Import Request.
  Time since last request: 0.000026 seconds.
  path: Assets/LowPolyChristmasAddOn/Meshes/Baulble_3.fbx
  artifactKey: Guid(9d5f764915a5e4e43887b198e3274fdc) Importer(815301076,1909f56bfc062723c751e8b465ee728b)
Start importing Assets/LowPolyChristmasAddOn/Meshes/Baulble_3.fbx using Guid(9d5f764915a5e4e43887b198e3274fdc) Importer(815301076,1909f56bfc062723c751e8b465ee728b)  -> (artifact id: 'd2dc288afc3cce9741f5570374c3b513') in 0.026433 seconds 
========================================================================
Received Import Request.
  Time since last request: 0.000021 seconds.
  path: Assets/NaturePackLite/Models/Grass_01.fbx
  artifactKey: Guid(ad3119cbd6dce024e8460ef32dec49df) Importer(815301076,1909f56bfc062723c751e8b465ee728b)
Start importing Assets/NaturePackLite/Models/Grass_01.fbx using Guid(ad3119cbd6dce024e8460ef32dec49df) Importer(815301076,1909f56bfc062723c751e8b465ee728b)  -> (artifact id: '090a38ccb8953746443b0272b24db030') in 0.017679 seconds 
========================================================================
Received Import Request.
  Time since last request: 0.000017 seconds.
  path: Assets/NaturePackLite/Models/Mushroom_01.fbx
  artifactKey: Guid(d062f5c56ffb55c4f832432ada269abe) Importer(815301076,1909f56bfc062723c751e8b465ee728b)
Start importing Assets/NaturePackLite/Models/Mushroom_01.fbx using Guid(d062f5c56ffb55c4f832432ada269abe) Importer(815301076,1909f56bfc062723c751e8b465ee728b)  -> (artifact id: '1dc58d2a8da550a3536d864f2119c2a7') in 0.017431 seconds 
========================================================================
Received Import Request.
  Time since last request: 0.000020 seconds.
  path: Assets/CityVoxelPack/Assets/buildings/props/windows/Mesh/window1_3x2.obj
  artifactKey: Guid(4def2a3de2fefda48b1701b14e508847) Importer(815301076,1909f56bfc062723c751e8b465ee728b)
Start importing Assets/CityVoxelPack/Assets/buildings/props/windows/Mesh/window1_3x2.obj using Guid(4def2a3de2fefda48b1701b14e508847) Importer(815301076,1909f56bfc062723c751e8b465ee728b)  -> (artifact id: 'fd7c5830ccc7103f9eeaa5b585fb94fd') in 0.025677 seconds 
========================================================================
Received Import Request.
  Time since last request: 0.000019 seconds.
  path: Assets/CityVoxelPack/Assets/buildings/props/windows/Mesh/window2_2x3.obj
  artifactKey: Guid(b6fa8984b34ea1d43a73b1531835aaad) Importer(815301076,1909f56bfc062723c751e8b465ee728b)
Start importing Assets/CityVoxelPack/Assets/buildings/props/windows/Mesh/window2_2x3.obj using Guid(b6fa8984b34ea1d43a73b1531835aaad) Importer(815301076,1909f56bfc062723c751e8b465ee728b)  -> (artifact id: '074b7837808895b3f4210cb60e90ef7a') in 0.024823 seconds 
========================================================================
Received Import Request.
  Time since last request: 0.000034 seconds.
  path: Assets/CityVoxelPack/Assets/buildings/props/doors/Mesh/door3_4x5.obj
  artifactKey: Guid(c6ec9d5ec4af49542ab80b8ef6aea8ca) Importer(815301076,1909f56bfc062723c751e8b465ee728b)
Start importing Assets/CityVoxelPack/Assets/buildings/props/doors/Mesh/door3_4x5.obj using Guid(c6ec9d5ec4af49542ab80b8ef6aea8ca) Importer(815301076,1909f56bfc062723c751e8b465ee728b)  -> (artifact id: 'b1a629e47a88963fcb00fb49b43ca9b4') in 0.025816 seconds 
========================================================================
Received Import Request.
  Time since last request: 0.000017 seconds.
  path: Assets/LowPolyChristmasAddOn/Meshes/ChristmasTree_2.fbx
  artifactKey: Guid(f7a2dc762b2aa4378a37c7cb24fadfaa) Importer(815301076,1909f56bfc062723c751e8b465ee728b)
Start importing Assets/LowPolyChristmasAddOn/Meshes/ChristmasTree_2.fbx using Guid(f7a2dc762b2aa4378a37c7cb24fadfaa) Importer(815301076,1909f56bfc062723c751e8b465ee728b)  -> (artifact id: '5525eead3c9d88e29b1bf953f01f4d06') in 0.032213 seconds 
========================================================================
Received Import Request.
  Time since last request: 0.000031 seconds.
  path: Assets/Acorn Bringer Assets/Simplistic Low Poly Nature/Meshes/SCharacter_Fish.fbx
  artifactKey: Guid(9c690660684b5494c88ac61e360783d1) Importer(815301076,1909f56bfc062723c751e8b465ee728b)
Start importing Assets/Acorn Bringer Assets/Simplistic Low Poly Nature/Meshes/SCharacter_Fish.fbx using Guid(9c690660684b5494c88ac61e360783d1) Importer(815301076,1909f56bfc062723c751e8b465ee728b)  -> (artifact id: '656517c901e70c72c6b5446ec73d32b0') in 0.034619 seconds 
========================================================================
Received Import Request.
  Time since last request: 0.000021 seconds.
  path: Assets/NaturePackLite/Models/Ground_01.fbx
  artifactKey: Guid(d4ad967689295ba4eaf8baeaebc8721b) Importer(815301076,1909f56bfc062723c751e8b465ee728b)
Start importing Assets/NaturePackLite/Models/Ground_01.fbx using Guid(d4ad967689295ba4eaf8baeaebc8721b) Importer(815301076,1909f56bfc062723c751e8b465ee728b)  -> (artifact id: 'edfe685a1928cb1e1722c088c7b89a1b') in 0.017060 seconds 
========================================================================
Received Import Request.
  Time since last request: 0.000030 seconds.
  path: Assets/NaturePackLite/Models/Mushroom_02.fbx
  artifactKey: Guid(6c890c97a154a474082af84a379dffce) Importer(815301076,1909f56bfc062723c751e8b465ee728b)
Start importing Assets/NaturePackLite/Models/Mushroom_02.fbx using Guid(6c890c97a154a474082af84a379dffce) Importer(815301076,1909f56bfc062723c751e8b465ee728b)  -> (artifact id: '2453db36e2f316ffcd84555db65a42e6') in 0.016915 seconds 
========================================================================
Received Import Request.
  Time since last request: 0.000022 seconds.
  path: Assets/BrokenVector/LowPolyFencePack/Models/Fence Type6 Big.dae
  artifactKey: Guid(528e1a5bd85e7dd4781f1fdd6a8cb01a) Importer(815301076,1909f56bfc062723c751e8b465ee728b)
Start importing Assets/BrokenVector/LowPolyFencePack/Models/Fence Type6 Big.dae using Guid(528e1a5bd85e7dd4781f1fdd6a8cb01a) Importer(815301076,1909f56bfc062723c751e8b465ee728b)  -> (artifact id: '0413be815a6e9a852b97cf08dd425259') in 0.020676 seconds 
========================================================================
Received Import Request.
  Time since last request: 0.000019 seconds.
  path: Assets/LowPolyChristmasAddOn/Meshes/Bell_1.fbx
  artifactKey: Guid(294f87339807a475b861e3e5a197f267) Importer(815301076,1909f56bfc062723c751e8b465ee728b)
Start importing Assets/LowPolyChristmasAddOn/Meshes/Bell_1.fbx using Guid(294f87339807a475b861e3e5a197f267) Importer(815301076,1909f56bfc062723c751e8b465ee728b)  -> (artifact id: '4779dc38ae6d7ac66d7f66cfd388fc5b') in 0.022396 seconds 
========================================================================
Received Import Request.
  Time since last request: 0.000027 seconds.
  path: Assets/SpaceFighter/Art Assets/EngineTrails_FBX.fbx
  artifactKey: Guid(58752080b7a2b014b984236fa50b1a31) Importer(815301076,1909f56bfc062723c751e8b465ee728b)
Start importing Assets/SpaceFighter/Art Assets/EngineTrails_FBX.fbx using Guid(58752080b7a2b014b984236fa50b1a31) Importer(815301076,1909f56bfc062723c751e8b465ee728b)  -> (artifact id: '9d082c50158623a6f1a070a4cdd56315') in 0.052486 seconds 
========================================================================
Received Import Request.
  Time since last request: 5.865897 seconds.
  path: Assets/sFuture Modules/Models/panel 1x1 Plain Collidermesh.fbx
  artifactKey: Guid(643229ea039874d4ca5b0dce519baa62) Importer(815301076,1909f56bfc062723c751e8b465ee728b)
Start importing Assets/sFuture Modules/Models/panel 1x1 Plain Collidermesh.fbx using Guid(643229ea039874d4ca5b0dce519baa62) Importer(815301076,1909f56bfc062723c751e8b465ee728b)  -> (artifact id: '339b009979d8dd36f6ad6c6801fb94e6') in 0.020682 seconds 
========================================================================
Received Import Request.
  Time since last request: 0.000024 seconds.
  path: Assets/CityVoxelPack/Assets/pavements/Mesh/pavementCornerCircle(3)1-10.obj
  artifactKey: Guid(3b0ca770a83f92940bbb264980487abb) Importer(815301076,1909f56bfc062723c751e8b465ee728b)
Start importing Assets/CityVoxelPack/Assets/pavements/Mesh/pavementCornerCircle(3)1-10.obj using Guid(3b0ca770a83f92940bbb264980487abb) Importer(815301076,1909f56bfc062723c751e8b465ee728b)  -> (artifact id: '227e1c8278e917064e36e4b0e85cd413') in 0.105146 seconds 
========================================================================
Received Import Request.
  Time since last request: 0.000024 seconds.
  path: Assets/CityVoxelPack/Assets/roads/tall/Mesh/road14.obj
  artifactKey: Guid(0aa690373d2aac1418679486d349b0b9) Importer(815301076,1909f56bfc062723c751e8b465ee728b)
Start importing Assets/CityVoxelPack/Assets/roads/tall/Mesh/road14.obj using Guid(0aa690373d2aac1418679486d349b0b9) Importer(815301076,1909f56bfc062723c751e8b465ee728b)  -> (artifact id: '8817c6e13a5654a4abec9957792dabd5') in 0.039008 seconds 
========================================================================
Received Import Request.
  Time since last request: 0.000033 seconds.
  path: Assets/CityVoxelPack/Assets/roads/medium/Mesh/road3bis.obj
  artifactKey: Guid(aea25602f5c86144cb32cf9916b56243) Importer(815301076,1909f56bfc062723c751e8b465ee728b)
Start importing Assets/CityVoxelPack/Assets/roads/medium/Mesh/road3bis.obj using Guid(aea25602f5c86144cb32cf9916b56243) Importer(815301076,1909f56bfc062723c751e8b465ee728b)  -> (artifact id: 'e68242da034b0277dcbe53ac989dd3cb') in 0.024798 seconds 
========================================================================
Received Import Request.
  Time since last request: 0.000017 seconds.
  path: Assets/CityVoxelPack/Assets/roads/tall/Mesh/road12bis.obj
  artifactKey: Guid(6d6686f3d1a67e0449d01015efd9dc2c) Importer(815301076,1909f56bfc062723c751e8b465ee728b)
Start importing Assets/CityVoxelPack/Assets/roads/tall/Mesh/road12bis.obj using Guid(6d6686f3d1a67e0449d01015efd9dc2c) Importer(815301076,1909f56bfc062723c751e8b465ee728b)  -> (artifact id: 'd27a430b8ff8fe4f973c8642b983656d') in 0.025424 seconds 
========================================================================
Received Import Request.
  Time since last request: 0.000020 seconds.
  path: Assets/Snowy_Low_Poly_Trees/Models/Snowy_Low_Poly_Trees.fbx
  artifactKey: Guid(e6ec39770b6dbe04f9cbd7ea19e0c7ef) Importer(815301076,1909f56bfc062723c751e8b465ee728b)
Start importing Assets/Snowy_Low_Poly_Trees/Models/Snowy_Low_Poly_Trees.fbx using Guid(e6ec39770b6dbe04f9cbd7ea19e0c7ef) Importer(815301076,1909f56bfc062723c751e8b465ee728b)  -> (artifact id: 'cdce8f4b3029c9e0106e1c2433fe7c59') in 0.060794 seconds 
========================================================================
Received Import Request.
  Time since last request: 0.000021 seconds.
  path: Assets/RPG Monster Duo Polyart/Animations/Slime/Victory_Slime_Anim.fbx
  artifactKey: Guid(d1088a827bfd0964bb6ed94cb24bb3e8) Importer(815301076,1909f56bfc062723c751e8b465ee728b)
Start importing Assets/RPG Monster Duo Polyart/Animations/Slime/Victory_Slime_Anim.fbx using Guid(d1088a827bfd0964bb6ed94cb24bb3e8) Importer(815301076,1909f56bfc062723c751e8b465ee728b)  -> (artifact id: '24142b9effe745848b82194c3c406853') in 0.025569 seconds 
========================================================================
Received Import Request.
  Time since last request: 0.000020 seconds.
  path: Assets/CityVoxelPack/Assets/pavements/Mesh/pavement1-4.obj
  artifactKey: Guid(dcaf82c0160952244a58e619eebfe1e2) Importer(815301076,1909f56bfc062723c751e8b465ee728b)
Start importing Assets/CityVoxelPack/Assets/pavements/Mesh/pavement1-4.obj using Guid(dcaf82c0160952244a58e619eebfe1e2) Importer(815301076,1909f56bfc062723c751e8b465ee728b)  -> (artifact id: '46ddd880bd9467a762f4a65f17c7018a') in 0.027040 seconds 
========================================================================
Received Import Request.
  Time since last request: 0.000020 seconds.
  path: Assets/CityVoxelPack/Assets/roads/tall/Mesh/road17bis.obj
  artifactKey: Guid(628fb8e755e429643a919f36f13636d3) Importer(815301076,1909f56bfc062723c751e8b465ee728b)
Start importing Assets/CityVoxelPack/Assets/roads/tall/Mesh/road17bis.obj using Guid(628fb8e755e429643a919f36f13636d3) Importer(815301076,1909f56bfc062723c751e8b465ee728b)  -> (artifact id: 'bb7bba4efcbcbbde6d2808d9504d541d') in 0.024787 seconds 
========================================================================
Received Import Request.
  Time since last request: 0.000030 seconds.
  path: Assets/CityVoxelPack/Assets/pavements/Mesh/pavement1-10.obj
  artifactKey: Guid(09746868085e56943934074de4b69bd7) Importer(815301076,1909f56bfc062723c751e8b465ee728b)
Start importing Assets/CityVoxelPack/Assets/pavements/Mesh/pavement1-10.obj using Guid(09746868085e56943934074de4b69bd7) Importer(815301076,1909f56bfc062723c751e8b465ee728b)  -> (artifact id: '82043e8e838244ba5242a62f9bb5d33e') in 0.025123 seconds 
========================================================================
Received Import Request.
  Time since last request: 0.000027 seconds.
  path: Assets/CityVoxelPack/Assets/roads/tall/Mesh/road14bisbis.obj
  artifactKey: Guid(82af04e7230c5904aac0f420d2c287bc) Importer(815301076,1909f56bfc062723c751e8b465ee728b)
Start importing Assets/CityVoxelPack/Assets/roads/tall/Mesh/road14bisbis.obj using Guid(82af04e7230c5904aac0f420d2c287bc) Importer(815301076,1909f56bfc062723c751e8b465ee728b)  -> (artifact id: '02a545a930d1fadbf7738e760c16d545') in 0.027412 seconds 
========================================================================
Received Import Request.
  Time since last request: 0.000020 seconds.
  path: Assets/RPG Monster Duo Polyart/Meshes/StageMesh.fbx
  artifactKey: Guid(550cdd9b4c76ad645b99cd9eea1bb745) Importer(815301076,1909f56bfc062723c751e8b465ee728b)
Start importing Assets/RPG Monster Duo Polyart/Meshes/StageMesh.fbx using Guid(550cdd9b4c76ad645b99cd9eea1bb745) Importer(815301076,1909f56bfc062723c751e8b465ee728b)  -> (artifact id: '2c53397c32eff17d6a38257fbd8330c6') in 0.016227 seconds 
========================================================================
Received Import Request.
  Time since last request: 0.000021 seconds.
  path: Assets/NaturePackLite/Models/Rock_04.fbx
  artifactKey: Guid(33ebf3440b12ec245bd008cd464f8d9a) Importer(815301076,1909f56bfc062723c751e8b465ee728b)
Start importing Assets/NaturePackLite/Models/Rock_04.fbx using Guid(33ebf3440b12ec245bd008cd464f8d9a) Importer(815301076,1909f56bfc062723c751e8b465ee728b)  -> (artifact id: '061d16138946a6aeaf0b5c4e1e7cbe6e') in 0.016289 seconds 
========================================================================
Received Import Request.
  Time since last request: 0.000029 seconds.
  path: Assets/CityVoxelPack/Assets/roads/medium/Mesh/road7.obj
  artifactKey: Guid(27be77185955d9d4fa5469b3aa10cce1) Importer(815301076,1909f56bfc062723c751e8b465ee728b)
Start importing Assets/CityVoxelPack/Assets/roads/medium/Mesh/road7.obj using Guid(27be77185955d9d4fa5469b3aa10cce1) Importer(815301076,1909f56bfc062723c751e8b465ee728b)  -> (artifact id: '894f5bba21eaf6b699cc2d0030fd728c') in 0.025402 seconds 
========================================================================
Received Import Request.
  Time since last request: 0.000018 seconds.
  path: Assets/CityVoxelPack/Assets/pavements/Mesh/pavement1-5.obj
  artifactKey: Guid(66209e4b2a39540429bea65d657ef85d) Importer(815301076,1909f56bfc062723c751e8b465ee728b)
Start importing Assets/CityVoxelPack/Assets/pavements/Mesh/pavement1-5.obj using Guid(66209e4b2a39540429bea65d657ef85d) Importer(815301076,1909f56bfc062723c751e8b465ee728b)  -> (artifact id: '1dfced7675dddcc5fa234663c18f64a4') in 0.024708 seconds 
========================================================================
Received Import Request.
  Time since last request: 0.000020 seconds.
  path: Assets/CityVoxelPack/Assets/roads/medium/Mesh/road7bisbis.obj
  artifactKey: Guid(945aaf9dbf24fcf46ad8c6c421b63cb6) Importer(815301076,1909f56bfc062723c751e8b465ee728b)
Start importing Assets/CityVoxelPack/Assets/roads/medium/Mesh/road7bisbis.obj using Guid(945aaf9dbf24fcf46ad8c6c421b63cb6) Importer(815301076,1909f56bfc062723c751e8b465ee728b)  -> (artifact id: '034ac08639e27c8ffb280e0f2d7379ad') in 0.026976 seconds 
========================================================================
Received Import Request.
  Time since last request: 0.000022 seconds.
  path: Assets/CityVoxelPack/Assets/roads/tall/Mesh/road17bisbis.obj
  artifactKey: Guid(805f1e2a322471f43ba070d2876469e2) Importer(815301076,1909f56bfc062723c751e8b465ee728b)
Start importing Assets/CityVoxelPack/Assets/roads/tall/Mesh/road17bisbis.obj using Guid(805f1e2a322471f43ba070d2876469e2) Importer(815301076,1909f56bfc062723c751e8b465ee728b)  -> (artifact id: 'c689a12e85d2e815228eeca1f2fcc03d') in 0.025339 seconds 
========================================================================
Received Import Request.
  Time since last request: 0.000021 seconds.
  path: Assets/sFuture Modules/Models/sFuture Modules Pro Tube Panel 1x1.FBX
  artifactKey: Guid(2dd9c18744b517d4bab8df7af190dc50) Importer(815301076,1909f56bfc062723c751e8b465ee728b)
Start importing Assets/sFuture Modules/Models/sFuture Modules Pro Tube Panel 1x1.FBX using Guid(2dd9c18744b517d4bab8df7af190dc50) Importer(815301076,1909f56bfc062723c751e8b465ee728b)  -> (artifact id: '9397d0f0d29f87c89612e645187e6ad4') in 0.023243 seconds 
========================================================================
Received Import Request.
  Time since last request: 26.347326 seconds.
  path: Assets/Space_Objects/Materials/Base.mat
  artifactKey: Guid(4b158b8caa74d4415acb7ecb65afdb59) Importer(815301076,1909f56bfc062723c751e8b465ee728b)
Start importing Assets/Space_Objects/Materials/Base.mat using Guid(4b158b8caa74d4415acb7ecb65afdb59) Importer(815301076,1909f56bfc062723c751e8b465ee728b)  -> (artifact id: 'db0c3cc3b5e3a9d2ef6123248bdab251') in 0.247142 seconds 
========================================================================
Received Import Request.
  Time since last request: 1.550820 seconds.
  path: Assets/Free_Street_Props/PBR_Material/bollard_01_c_06.mat
  artifactKey: Guid(661e0bc147d186e4abca16c13facf9f6) Importer(815301076,1909f56bfc062723c751e8b465ee728b)
Start importing Assets/Free_Street_Props/PBR_Material/bollard_01_c_06.mat using Guid(661e0bc147d186e4abca16c13facf9f6) Importer(815301076,1909f56bfc062723c751e8b465ee728b)  -> (artifact id: '14bdc685b543a362b18fce2612a7fad4') in 0.097966 seconds 
========================================================================
Received Import Request.
  Time since last request: 0.137949 seconds.
  path: Assets/LowPoly Environment Pack/FBX/Materials/Brown.2.mat
  artifactKey: Guid(f7c2deb7be33c61418c105b4da4da2d8) Importer(815301076,1909f56bfc062723c751e8b465ee728b)
Start importing Assets/LowPoly Environment Pack/FBX/Materials/Brown.2.mat using Guid(f7c2deb7be33c61418c105b4da4da2d8) Importer(815301076,1909f56bfc062723c751e8b465ee728b)  -> (artifact id: '8e5e4f441e12b8fdef14044ece485ba1') in 0.012382 seconds 
========================================================================
Received Import Request.
  Time since last request: 0.013929 seconds.
  path: Assets/LowPoly Environment Pack/FBX/Materials/Brown.5.mat
  artifactKey: Guid(123ed9969563dc5468cd867af56caab9) Importer(815301076,1909f56bfc062723c751e8b465ee728b)
Start importing Assets/LowPoly Environment Pack/FBX/Materials/Brown.5.mat using Guid(123ed9969563dc5468cd867af56caab9) Importer(815301076,1909f56bfc062723c751e8b465ee728b)  -> (artifact id: 'f924ed1eec9885f0f79943e425a8f3dd') in 0.012916 seconds 
========================================================================
Received Import Request.
  Time since last request: 0.000022 seconds.
  path: Assets/LowPoly Environment Pack/FBX/Materials/Brown.6.mat
  artifactKey: Guid(c47a8046d422cf44ab127456e4917876) Importer(815301076,1909f56bfc062723c751e8b465ee728b)
Start importing Assets/LowPoly Environment Pack/FBX/Materials/Brown.6.mat using Guid(c47a8046d422cf44ab127456e4917876) Importer(815301076,1909f56bfc062723c751e8b465ee728b)  -> (artifact id: '237aed57f2e92687501cb35a3e572492') in 0.014370 seconds 
========================================================================
Received Import Request.
  Time since last request: 20.791099 seconds.
  path: Assets/Space_Objects/Materials/Turbine_Ultra_wings.mat
  artifactKey: Guid(03d59bb5e88934a1b9688f0458420f9a) Importer(815301076,1909f56bfc062723c751e8b465ee728b)
Start importing Assets/Space_Objects/Materials/Turbine_Ultra_wings.mat using Guid(03d59bb5e88934a1b9688f0458420f9a) Importer(815301076,1909f56bfc062723c751e8b465ee728b)  -> (artifact id: '0e3628c3392d6aa8cdb5e276429d69ab') in 0.015580 seconds 
========================================================================
Received Import Request.
  Time since last request: 0.242569 seconds.
  path: Assets/BrokenVector/LowPolyWinterPack/Models/Materials/Tree Lights.mat
  artifactKey: Guid(6d9cd3b2aa6165846b4beaa0c268bb02) Importer(815301076,1909f56bfc062723c751e8b465ee728b)
Start importing Assets/BrokenVector/LowPolyWinterPack/Models/Materials/Tree Lights.mat using Guid(6d9cd3b2aa6165846b4beaa0c268bb02) Importer(815301076,1909f56bfc062723c751e8b465ee728b)  -> (artifact id: '78e9cefc681e7c1e06edbd686c521f63') in 0.017086 seconds 
========================================================================
Received Prepare
Registering precompiled user dll's ...
Registered in 0.006485 seconds.
Begin MonoManager ReloadAssembly
Native extension for WindowsStandalone target not found
Native extension for WebGL target not found
Refreshing native plugins compatible for Editor in 1.02 ms, found 2 plugins.
Preloading 0 native plugins for Editor in 0.00 ms.
Mono: successfully reloaded assembly
- Completed reload, in  1.113 seconds
Domain Reload Profiling:
	ReloadAssembly (1114ms)
		BeginReloadAssembly (141ms)
			ExecutionOrderSort (0ms)
			DisableScriptedObjects (4ms)
			BackupInstance (0ms)
			ReleaseScriptingObjects (0ms)
			CreateAndSetChildDomain (34ms)
		EndReloadAssembly (867ms)
			LoadAssemblies (92ms)
			RebuildTransferFunctionScriptingTraits (0ms)
			SetupTypeCache (171ms)
			ReleaseScriptCaches (1ms)
			RebuildScriptCaches (49ms)
			SetupLoadedEditorAssemblies (508ms)
				LogAssemblyErrors (0ms)
				InitializePlatformSupportModulesInManaged (8ms)
				SetLoadedEditorAssemblies (1ms)
				RefreshPlugins (1ms)
				BeforeProcessingInitializeOnLoad (87ms)
				ProcessInitializeOnLoadAttributes (241ms)
				ProcessInitializeOnLoadMethodAttributes (161ms)
				AfterProcessingInitializeOnLoad (9ms)
				EditorAssembliesLoaded (0ms)
			ExecutionOrderSort2 (0ms)
			AwakeInstancesAfterBackupRestoration (10ms)
Platform modules already initialized, skipping
Refreshing native plugins compatible for Editor in 6.94 ms, found 2 plugins.
Preloading 0 native plugins for Editor in 0.00 ms.
Unloading 2372 Unused Serialized files (Serialized files now loaded: 0)
Unloading 50 unused Assets / (33.0 KB). Loaded Objects now: 2895.
Memory consumption went from 187.3 MB to 187.3 MB.
Total: 6.519800 ms (FindLiveObjects: 0.212300 ms CreateObjectMapping: 0.053000 ms MarkObjects: 6.221600 ms  DeleteObjects: 0.031500 ms)

AssetImportParameters requested are different than current active one (requested -> active):
  custom:video-decoder-ogg-theora: a1e56fd34408186e4bbccfd4996cb3dc -> 
  custom:container-muxer-webm: aa71ff27fc2769a1b78a27578f13a17b -> 
  custom:container-demuxer-webm: 4f35f7cbe854078d1ac9338744f61a02 -> 
  custom:video-encoder-webm-vp8: eb34c28f22e8b96e1ab97ce403110664 -> 
  custom:video-codec-MediaFoundation-h265: 746d11721c4dcdbdad8f713fa42b33f4 -> 
  custom:audio-encoder-webm-vorbis: bf7c407c2cedff20999df2af8eb42d56 -> 
  custom:framework-win-MediaFoundation: 216162199b28c13a410421893ffa2e32 -> 
  custom:container-demuxer-ogg: 62fdf1f143b41e24485cea50d1cbac27 -> 
  custom:video-decoder-webm-vp8: 9c59270c3fd7afecdb556c50c9e8de78 -> 
  custom:audio-decoder-ogg-vorbis: bf7c407c2cedff20999df2af8eb42d56 -> 
Editor requested this worker to shutdown with reason: Scaling down because of idle timeout
AssetImportWorkerClient::OnTransportError - code=2 error=End of file
AssetImportWorker is now disconnected from the server
Process exiting
Exiting without the bug reporter. Application will terminate with return code 0