Using pre-set license
Built from '2021.3/staging' branch; Version is '2021.3.23f1 (213b516bf396) revision 2177873'; Using compiler version '192829333'; Build Type 'Release'
OS: 'Windows 11  (10.0.22621) 64bit Professional' Language: 'en' Physical Memory: 16294 MB
BatchMode: 1, IsHumanControllingUs: 0, StartBugReporterOnCrash: 0, Is64bit: 1, IsPro: 1

COMMAND LINE ARGUMENTS:
C:\Program Files\Unity\Hub\Editor\2021.3.23f1\Editor\Unity.exe
-adb2
-batchMode
-noUpm
-name
AssetImportWorker2
-projectPath
C:/Users/Liam Whitbeck/Documents/OU Spring 2023/Computer Graphics/04_Timmy_Mousey_SOURCE_CODE/Timmy_Mousey_SOURCE_CODE/Timmy & Mousey
-logFile
Logs/AssetImportWorker2.log
-srvPort
58656
Successfully changed project path to: C:/Users/Liam Whitbeck/Documents/OU Spring 2023/Computer Graphics/04_Timmy_Mousey_SOURCE_CODE/Timmy_Mousey_SOURCE_CODE/Timmy & Mousey
C:/Users/Liam Whitbeck/Documents/OU Spring 2023/Computer Graphics/04_Timmy_Mousey_SOURCE_CODE/Timmy_Mousey_SOURCE_CODE/Timmy & Mousey
[UnityMemory] Configuration Parameters - Can be set up in boot.config
    "memorysetup-bucket-allocator-granularity=16"
    "memorysetup-bucket-allocator-bucket-count=8"
    "memorysetup-bucket-allocator-block-size=33554432"
    "memorysetup-bucket-allocator-block-count=8"
    "memorysetup-main-allocator-block-size=16777216"
    "memorysetup-thread-allocator-block-size=16777216"
    "memorysetup-gfx-main-allocator-block-size=16777216"
    "memorysetup-gfx-thread-allocator-block-size=16777216"
    "memorysetup-cache-allocator-block-size=4194304"
    "memorysetup-typetree-allocator-block-size=2097152"
    "memorysetup-profiler-bucket-allocator-granularity=16"
    "memorysetup-profiler-bucket-allocator-bucket-count=8"
    "memorysetup-profiler-bucket-allocator-block-size=33554432"
    "memorysetup-profiler-bucket-allocator-block-count=8"
    "memorysetup-profiler-allocator-block-size=16777216"
    "memorysetup-profiler-editor-allocator-block-size=1048576"
    "memorysetup-temp-allocator-size-main=16777216"
    "memorysetup-job-temp-allocator-block-size=2097152"
    "memorysetup-job-temp-allocator-block-size-background=1048576"
    "memorysetup-job-temp-allocator-reduction-small-platforms=262144"
    "memorysetup-temp-allocator-size-background-worker=32768"
    "memorysetup-temp-allocator-size-job-worker=262144"
    "memorysetup-temp-allocator-size-preload-manager=33554432"
    "memorysetup-temp-allocator-size-nav-mesh-worker=65536"
    "memorysetup-temp-allocator-size-audio-worker=65536"
    "memorysetup-temp-allocator-size-cloud-worker=32768"
    "memorysetup-temp-allocator-size-gi-baking-worker=262144"
    "memorysetup-temp-allocator-size-gfx=262144"
Player connection [29568] Host "[IP] 192.168.1.7 [Port] 0 [Flags] 2 [Guid] 2633709668 [EditorId] 2633709668 [Version] 1048832 [Id] WindowsEditor(7,DESKTOP-DJRGAAC) [Debug] 1 [PackageName] WindowsEditor [ProjectName] Editor" joined multi-casting on [225.0.0.222:54997]...

Player connection [29568] Host "[IP] 192.168.1.7 [Port] 0 [Flags] 2 [Guid] 2633709668 [EditorId] 2633709668 [Version] 1048832 [Id] WindowsEditor(7,DESKTOP-DJRGAAC) [Debug] 1 [PackageName] WindowsEditor [ProjectName] Editor" joined alternative multi-casting on [225.0.0.222:34997]...

Refreshing native plugins compatible for Editor in 67.70 ms, found 2 plugins.
Preloading 0 native plugins for Editor in 0.00 ms.
Initialize engine version: 2021.3.23f1 (213b516bf396)
[Subsystems] Discovering subsystems at path C:/Program Files/Unity/Hub/Editor/2021.3.23f1/Editor/Data/Resources/UnitySubsystems
[Subsystems] Discovering subsystems at path C:/Users/Liam Whitbeck/Documents/OU Spring 2023/Computer Graphics/04_Timmy_Mousey_SOURCE_CODE/Timmy_Mousey_SOURCE_CODE/Timmy & Mousey/Assets
GfxDevice: creating device client; threaded=0; jobified=0
Direct3D:
    Version:  Direct3D 11.0 [level 11.1]
    Renderer: NVIDIA GeForce RTX 3060 Ti (ID=0x2489)
    Vendor:   NVIDIA
    VRAM:     8038 MB
    Driver:   31.0.15.2824
Initialize mono
Mono path[0] = 'C:/Program Files/Unity/Hub/Editor/2021.3.23f1/Editor/Data/Managed'
Mono path[1] = 'C:/Program Files/Unity/Hub/Editor/2021.3.23f1/Editor/Data/MonoBleedingEdge/lib/mono/unityjit-win32'
Mono config path = 'C:/Program Files/Unity/Hub/Editor/2021.3.23f1/Editor/Data/MonoBleedingEdge/etc'
Using monoOptions --debugger-agent=transport=dt_socket,embedding=1,server=y,suspend=n,address=127.0.0.1:56056
Begin MonoManager ReloadAssembly
Registering precompiled unity dll's ...
Register platform support module: C:/Program Files/Unity/Hub/Editor/2021.3.23f1/Editor/Data/PlaybackEngines/WebGLSupport/UnityEditor.WebGL.Extensions.dll
Register platform support module: C:/Program Files/Unity/Hub/Editor/2021.3.23f1/Editor/Data/PlaybackEngines/WindowsStandaloneSupport/UnityEditor.WindowsStandalone.Extensions.dll
Registered in 0.006855 seconds.
Native extension for WindowsStandalone target not found
Native extension for WebGL target not found
Refreshing native plugins compatible for Editor in 54.65 ms, found 2 plugins.
Preloading 0 native plugins for Editor in 0.00 ms.
Mono: successfully reloaded assembly
- Completed reload, in  0.687 seconds
Domain Reload Profiling:
	ReloadAssembly (688ms)
		BeginReloadAssembly (97ms)
			ExecutionOrderSort (0ms)
			DisableScriptedObjects (0ms)
			BackupInstance (0ms)
			ReleaseScriptingObjects (0ms)
			CreateAndSetChildDomain (1ms)
		EndReloadAssembly (474ms)
			LoadAssemblies (94ms)
			RebuildTransferFunctionScriptingTraits (0ms)
			SetupTypeCache (119ms)
			ReleaseScriptCaches (0ms)
			RebuildScriptCaches (27ms)
			SetupLoadedEditorAssemblies (269ms)
				LogAssemblyErrors (0ms)
				InitializePlatformSupportModulesInManaged (9ms)
				SetLoadedEditorAssemblies (1ms)
				RefreshPlugins (55ms)
				BeforeProcessingInitializeOnLoad (2ms)
				ProcessInitializeOnLoadAttributes (152ms)
				ProcessInitializeOnLoadMethodAttributes (51ms)
				AfterProcessingInitializeOnLoad (0ms)
				EditorAssembliesLoaded (0ms)
			ExecutionOrderSort2 (0ms)
			AwakeInstancesAfterBackupRestoration (0ms)
Platform modules already initialized, skipping
Registering precompiled user dll's ...
Registered in 0.007425 seconds.
Begin MonoManager ReloadAssembly
Native extension for WindowsStandalone target not found
Native extension for WebGL target not found
Refreshing native plugins compatible for Editor in 1.04 ms, found 2 plugins.
Preloading 0 native plugins for Editor in 0.00 ms.
Mono: successfully reloaded assembly
- Completed reload, in  1.156 seconds
Domain Reload Profiling:
	ReloadAssembly (1157ms)
		BeginReloadAssembly (134ms)
			ExecutionOrderSort (0ms)
			DisableScriptedObjects (6ms)
			BackupInstance (0ms)
			ReleaseScriptingObjects (0ms)
			CreateAndSetChildDomain (24ms)
		EndReloadAssembly (902ms)
			LoadAssemblies (101ms)
			RebuildTransferFunctionScriptingTraits (0ms)
			SetupTypeCache (213ms)
			ReleaseScriptCaches (1ms)
			RebuildScriptCaches (54ms)
			SetupLoadedEditorAssemblies (502ms)
				LogAssemblyErrors (0ms)
				InitializePlatformSupportModulesInManaged (7ms)
				SetLoadedEditorAssemblies (0ms)
				RefreshPlugins (1ms)
				BeforeProcessingInitializeOnLoad (78ms)
				ProcessInitializeOnLoadAttributes (251ms)
				ProcessInitializeOnLoadMethodAttributes (156ms)
				AfterProcessingInitializeOnLoad (8ms)
				EditorAssembliesLoaded (0ms)
			ExecutionOrderSort2 (0ms)
			AwakeInstancesAfterBackupRestoration (8ms)
Platform modules already initialized, skipping
========================================================================
Worker process is ready to serve import requests
Launched and connected shader compiler UnityShaderCompiler.exe after 0.05 seconds
Refreshing native plugins compatible for Editor in 1.28 ms, found 2 plugins.
Preloading 0 native plugins for Editor in 0.00 ms.
Unloading 2379 Unused Serialized files (Serialized files now loaded: 0)
Unloading 61 unused Assets / (60.2 KB). Loaded Objects now: 2846.
Memory consumption went from 170.2 MB to 170.1 MB.
Total: 9.760100 ms (FindLiveObjects: 0.381200 ms CreateObjectMapping: 0.144400 ms MarkObjects: 9.054800 ms  DeleteObjects: 0.178400 ms)

AssetImportParameters requested are different than current active one (requested -> active):
  custom:video-decoder-ogg-theora: a1e56fd34408186e4bbccfd4996cb3dc -> 
  custom:container-muxer-webm: aa71ff27fc2769a1b78a27578f13a17b -> 
  custom:container-demuxer-webm: 4f35f7cbe854078d1ac9338744f61a02 -> 
  custom:video-encoder-webm-vp8: eb34c28f22e8b96e1ab97ce403110664 -> 
  custom:video-codec-MediaFoundation-h265: 746d11721c4dcdbdad8f713fa42b33f4 -> 
  custom:audio-encoder-webm-vorbis: bf7c407c2cedff20999df2af8eb42d56 -> 
  custom:framework-win-MediaFoundation: 216162199b28c13a410421893ffa2e32 -> 
  custom:container-demuxer-ogg: 62fdf1f143b41e24485cea50d1cbac27 -> 
  custom:video-decoder-webm-vp8: 9c59270c3fd7afecdb556c50c9e8de78 -> 
  custom:audio-decoder-ogg-vorbis: bf7c407c2cedff20999df2af8eb42d56 -> 
========================================================================
Received Import Request.
  Time since last request: 517953.053410 seconds.
  path: Assets/Characters/Claire/textures/Girl01_diffuse.jpg
  artifactKey: Guid(a145f26d9fe1539468538722a05eef4d) Importer(815301076,1909f56bfc062723c751e8b465ee728b)
Start importing Assets/Characters/Claire/textures/Girl01_diffuse.jpg using Guid(a145f26d9fe1539468538722a05eef4d) Importer(815301076,1909f56bfc062723c751e8b465ee728b)  -> (artifact id: '96daa7d9e5d33b884e170c87da508b14') in 0.114010 seconds 
========================================================================
Received Import Request.
  Time since last request: 1.456393 seconds.
  path: Assets/Characters/Claire/claire@Standard Run.fbx
  artifactKey: Guid(13d56b784fd163b46a7a131f36b62073) Importer(815301076,1909f56bfc062723c751e8b465ee728b)
Start importing Assets/Characters/Claire/claire@Standard Run.fbx using Guid(13d56b784fd163b46a7a131f36b62073) Importer(815301076,1909f56bfc062723c751e8b465ee728b)  -> (artifact id: '88caee3e000cb932dcc0509987cfd85b') in 0.488972 seconds 
========================================================================
Received Import Request.
  Time since last request: 26.507699 seconds.
  path: Assets/3D Chest Object/Treasure_Chest.prefab
  artifactKey: Guid(7bd27893068210e40b3661f0873fb35f) Importer(815301076,1909f56bfc062723c751e8b465ee728b)
Start importing Assets/3D Chest Object/Treasure_Chest.prefab using Guid(7bd27893068210e40b3661f0873fb35f) Importer(815301076,1909f56bfc062723c751e8b465ee728b)  -> (artifact id: 'b0faf6db6d643b7f9475231a4cc3d978') in 0.183260 seconds 
========================================================================
Received Import Request.
  Time since last request: 2.504916 seconds.
  path: Assets/3D Chest Object/FBX
  artifactKey: Guid(c1fc9607666ed45a9840cc5da91f22a1) Importer(815301076,1909f56bfc062723c751e8b465ee728b)
Start importing Assets/3D Chest Object/FBX using Guid(c1fc9607666ed45a9840cc5da91f22a1) Importer(815301076,1909f56bfc062723c751e8b465ee728b)  -> (artifact id: '063b8a55adc9e69a7bff00d59e6e17bc') in 0.006484 seconds 
========================================================================
Received Import Request.
  Time since last request: 0.052225 seconds.
  path: Assets/3D Chest Object/FBX/treasure_chest 1.png
  artifactKey: Guid(394872ce097fdbd4097b4fe7a97869a3) Importer(815301076,1909f56bfc062723c751e8b465ee728b)
Start importing Assets/3D Chest Object/FBX/treasure_chest 1.png using Guid(394872ce097fdbd4097b4fe7a97869a3) Importer(815301076,1909f56bfc062723c751e8b465ee728b)  -> (artifact id: '4f5b3f6fe1d74d9cfa1054fd5d97cc8b') in 0.023214 seconds 
========================================================================
Received Import Request.
  Time since last request: 2.773054 seconds.
  path: Assets/3d_model/spider.FBX
  artifactKey: Guid(7a538f29bad700d47a681a6568b943b4) Importer(815301076,1909f56bfc062723c751e8b465ee728b)
Start importing Assets/3d_model/spider.FBX using Guid(7a538f29bad700d47a681a6568b943b4) Importer(815301076,1909f56bfc062723c751e8b465ee728b)  -> (artifact id: 'b1cebb1f8c6c0ab8097a0c4a1622330d') in 0.050288 seconds 
========================================================================
Received Import Request.
  Time since last request: 0.000022 seconds.
  path: Assets/3d_model/spider_UV.png
  artifactKey: Guid(a3cc0cb8ba50c6c429e6811cb57ffaeb) Importer(815301076,1909f56bfc062723c751e8b465ee728b)
Start importing Assets/3d_model/spider_UV.png using Guid(a3cc0cb8ba50c6c429e6811cb57ffaeb) Importer(815301076,1909f56bfc062723c751e8b465ee728b)  -> (artifact id: '47ee864c2adb70438730ecdb0a9e5786') in 0.012290 seconds 
========================================================================
Received Import Request.
  Time since last request: 11.464522 seconds.
  path: Assets/Characters/Timmy/textures/Ch09_1001_Diffuse.png
  artifactKey: Guid(fa27ea09c08a5644b87cf110bbaf2d18) Importer(815301076,1909f56bfc062723c751e8b465ee728b)
Start importing Assets/Characters/Timmy/textures/Ch09_1001_Diffuse.png using Guid(fa27ea09c08a5644b87cf110bbaf2d18) Importer(815301076,1909f56bfc062723c751e8b465ee728b)  -> (artifact id: '2851fb1c0fdacd2effdaf25e8d51fcdb') in 0.018190 seconds 
========================================================================
Received Import Request.
  Time since last request: 9.912607 seconds.
  path: Assets/Characters/The Boss/theboss@Standard Run.fbx
  artifactKey: Guid(8258cc622a2e9bb458c484c6706f4a56) Importer(815301076,1909f56bfc062723c751e8b465ee728b)
Start importing Assets/Characters/The Boss/theboss@Standard Run.fbx using Guid(8258cc622a2e9bb458c484c6706f4a56) Importer(815301076,1909f56bfc062723c751e8b465ee728b)  -> (artifact id: '43d90cc835d6ae12c0ee6fa26dc006f1') in 0.087206 seconds 
========================================================================
Received Import Request.
  Time since last request: 5.499938 seconds.
  path: Assets/3D Chest Object/FBX/Materials
  artifactKey: Guid(298c468ccec494b64ae7487b7c02f858) Importer(815301076,1909f56bfc062723c751e8b465ee728b)
Start importing Assets/3D Chest Object/FBX/Materials using Guid(298c468ccec494b64ae7487b7c02f858) Importer(815301076,1909f56bfc062723c751e8b465ee728b)  -> (artifact id: 'fb9c48e9baa36190dd347512ecd6227c') in 0.006926 seconds 
========================================================================
Received Import Request.
  Time since last request: 0.047218 seconds.
  path: Assets/3D Chest Object/FBX/Materials/treasure_chest.mat
  artifactKey: Guid(9d8e0be124aa11145898bfca520d7eb5) Importer(815301076,1909f56bfc062723c751e8b465ee728b)
Start importing Assets/3D Chest Object/FBX/Materials/treasure_chest.mat using Guid(9d8e0be124aa11145898bfca520d7eb5) Importer(815301076,1909f56bfc062723c751e8b465ee728b)  -> (artifact id: '6901b800f438342c798eb63af9cac7be') in 0.017047 seconds 
========================================================================
Received Import Request.
  Time since last request: 139.935027 seconds.
  path: Assets/Grunk/FBX/Grunk legacy FBX.fbx
  artifactKey: Guid(4d4e7cd8d87d98a46870cedb702d5e22) Importer(815301076,1909f56bfc062723c751e8b465ee728b)
Start importing Assets/Grunk/FBX/Grunk legacy FBX.fbx using Guid(4d4e7cd8d87d98a46870cedb702d5e22) Importer(815301076,1909f56bfc062723c751e8b465ee728b)  -> (artifact id: 'faf32f06eb5989546d3d371759ae519a') in 0.327925 seconds 
========================================================================
Received Import Request.
  Time since last request: 34.478502 seconds.
  path: Assets/Scenes/TownRun.unity
  artifactKey: Guid(8d1228f6277c06c4bbbd08ec4368c6c2) Importer(815301076,1909f56bfc062723c751e8b465ee728b)
Start importing Assets/Scenes/TownRun.unity using Guid(8d1228f6277c06c4bbbd08ec4368c6c2) Importer(815301076,1909f56bfc062723c751e8b465ee728b)  -> (artifact id: 'a7ccfe2f882808916bcd11397514cdd7') in 0.006580 seconds 
========================================================================
Received Import Request.
  Time since last request: 266.025982 seconds.
  path: Assets/Scenes/BonusRun.unity
  artifactKey: Guid(4fbf8050eb070024d8298c9bb7068cba) Importer(815301076,1909f56bfc062723c751e8b465ee728b)
Start importing Assets/Scenes/BonusRun.unity using Guid(4fbf8050eb070024d8298c9bb7068cba) Importer(815301076,1909f56bfc062723c751e8b465ee728b)  -> (artifact id: '4d1debfcc60b1cf2fed30220f0f3c7b7') in 0.007841 seconds 
========================================================================
Received Prepare
Registering precompiled user dll's ...
Registered in 0.005391 seconds.
Begin MonoManager ReloadAssembly
Native extension for WindowsStandalone target not found
Native extension for WebGL target not found
Refreshing native plugins compatible for Editor in 0.97 ms, found 2 plugins.
Preloading 0 native plugins for Editor in 0.00 ms.
Mono: successfully reloaded assembly
- Completed reload, in  1.094 seconds
Domain Reload Profiling:
	ReloadAssembly (1095ms)
		BeginReloadAssembly (138ms)
			ExecutionOrderSort (0ms)
			DisableScriptedObjects (6ms)
			BackupInstance (0ms)
			ReleaseScriptingObjects (0ms)
			CreateAndSetChildDomain (39ms)
		EndReloadAssembly (861ms)
			LoadAssemblies (80ms)
			RebuildTransferFunctionScriptingTraits (0ms)
			SetupTypeCache (243ms)
			ReleaseScriptCaches (2ms)
			RebuildScriptCaches (58ms)
			SetupLoadedEditorAssemblies (419ms)
				LogAssemblyErrors (0ms)
				InitializePlatformSupportModulesInManaged (7ms)
				SetLoadedEditorAssemblies (0ms)
				RefreshPlugins (1ms)
				BeforeProcessingInitializeOnLoad (77ms)
				ProcessInitializeOnLoadAttributes (200ms)
				ProcessInitializeOnLoadMethodAttributes (126ms)
				AfterProcessingInitializeOnLoad (8ms)
				EditorAssembliesLoaded (0ms)
			ExecutionOrderSort2 (0ms)
			AwakeInstancesAfterBackupRestoration (7ms)
Platform modules already initialized, skipping
Refreshing native plugins compatible for Editor in 5.30 ms, found 2 plugins.
Preloading 0 native plugins for Editor in 0.00 ms.
Unloading 2372 Unused Serialized files (Serialized files now loaded: 0)
Unloading 50 unused Assets / (33.0 KB). Loaded Objects now: 2898.
Memory consumption went from 187.2 MB to 187.2 MB.
Total: 5.646000 ms (FindLiveObjects: 0.213700 ms CreateObjectMapping: 0.052700 ms MarkObjects: 5.336400 ms  DeleteObjects: 0.041600 ms)

AssetImportParameters requested are different than current active one (requested -> active):
  custom:video-decoder-ogg-theora: a1e56fd34408186e4bbccfd4996cb3dc -> 
  custom:container-muxer-webm: aa71ff27fc2769a1b78a27578f13a17b -> 
  custom:container-demuxer-webm: 4f35f7cbe854078d1ac9338744f61a02 -> 
  custom:video-encoder-webm-vp8: eb34c28f22e8b96e1ab97ce403110664 -> 
  custom:video-codec-MediaFoundation-h265: 746d11721c4dcdbdad8f713fa42b33f4 -> 
  custom:audio-encoder-webm-vorbis: bf7c407c2cedff20999df2af8eb42d56 -> 
  custom:framework-win-MediaFoundation: 216162199b28c13a410421893ffa2e32 -> 
  custom:container-demuxer-ogg: 62fdf1f143b41e24485cea50d1cbac27 -> 
  custom:video-decoder-webm-vp8: 9c59270c3fd7afecdb556c50c9e8de78 -> 
  custom:audio-decoder-ogg-vorbis: bf7c407c2cedff20999df2af8eb42d56 -> 
========================================================================
Received Import Request.
  Time since last request: 6817.017179 seconds.
  path: Assets/Scenes/Controls.unity
  artifactKey: Guid(f9b330d3a317c54439814c3280a2d875) Importer(815301076,1909f56bfc062723c751e8b465ee728b)
Start importing Assets/Scenes/Controls.unity using Guid(f9b330d3a317c54439814c3280a2d875) Importer(815301076,1909f56bfc062723c751e8b465ee728b)  -> (artifact id: '9bef119c4ae5b89957874dee030ac512') in 0.014764 seconds 
========================================================================
Received Import Request.
  Time since last request: 1.210396 seconds.
  path: Assets/Scenes/Credits.unity
  artifactKey: Guid(106daccc4c476204aaeca304a08f6f5e) Importer(815301076,1909f56bfc062723c751e8b465ee728b)
Start importing Assets/Scenes/Credits.unity using Guid(106daccc4c476204aaeca304a08f6f5e) Importer(815301076,1909f56bfc062723c751e8b465ee728b)  -> (artifact id: 'aa0f634bb8fa0a91ffb7521307efc4cc') in 0.006975 seconds 
========================================================================
Received Import Request.
  Time since last request: 20.199103 seconds.
  path: Assets/Scripts/Generation
  artifactKey: Guid(6e041db7110942c4b9013d8dc13ea2ef) Importer(815301076,1909f56bfc062723c751e8b465ee728b)
Start importing Assets/Scripts/Generation using Guid(6e041db7110942c4b9013d8dc13ea2ef) Importer(815301076,1909f56bfc062723c751e8b465ee728b)  -> (artifact id: 'cd0c74203513de4da8967e686ad4c165') in 0.008304 seconds 
========================================================================
Received Import Request.
  Time since last request: 4.130144 seconds.
  path: Assets/Scripts/Generation/ThreeRandom.cs
  artifactKey: Guid(2670d14f331cf4844bbc75241ef8e2de) Importer(815301076,1909f56bfc062723c751e8b465ee728b)
Start importing Assets/Scripts/Generation/ThreeRandom.cs using Guid(2670d14f331cf4844bbc75241ef8e2de) Importer(815301076,1909f56bfc062723c751e8b465ee728b)  -> (artifact id: '221e013ada9dfca96c4c76d80a8abc2e') in 0.014808 seconds 
========================================================================
Received Import Request.
  Time since last request: 3.474053 seconds.
  path: Assets/Scripts/Generation/MashGeneration.cs
  artifactKey: Guid(8c161e47f1a287c4bb659ef3ad7ea868) Importer(815301076,1909f56bfc062723c751e8b465ee728b)
Start importing Assets/Scripts/Generation/MashGeneration.cs using Guid(8c161e47f1a287c4bb659ef3ad7ea868) Importer(815301076,1909f56bfc062723c751e8b465ee728b)  -> (artifact id: 'fdab697a60eb39d99405bd2e76d33997') in 0.007667 seconds 
========================================================================
Received Import Request.
  Time since last request: 1.176549 seconds.
  path: Assets/Scripts/Generation/Destroyer.cs
  artifactKey: Guid(d892eac94a9830545bf8111068e0f813) Importer(815301076,1909f56bfc062723c751e8b465ee728b)
Start importing Assets/Scripts/Generation/Destroyer.cs using Guid(d892eac94a9830545bf8111068e0f813) Importer(815301076,1909f56bfc062723c751e8b465ee728b)  -> (artifact id: '8e4364b63dc1db6e08df045d28e18926') in 0.007474 seconds 
========================================================================
Received Import Request.
  Time since last request: 5.686174 seconds.
  path: Assets/Scripts/Generation/BlockGeneration.cs
  artifactKey: Guid(d5aaad74bdc8ef84ebe2fdb06ef0dbf7) Importer(815301076,1909f56bfc062723c751e8b465ee728b)
Start importing Assets/Scripts/Generation/BlockGeneration.cs using Guid(d5aaad74bdc8ef84ebe2fdb06ef0dbf7) Importer(815301076,1909f56bfc062723c751e8b465ee728b)  -> (artifact id: '62091acf195dc27671a486704697b1b2') in 0.006805 seconds 
========================================================================
Received Import Request.
  Time since last request: 40.687890 seconds.
  path: Assets/Scripts/Generation/DesertGeneration.cs
  artifactKey: Guid(9c4897dc5893d9441aec10cc61118b7e) Importer(815301076,1909f56bfc062723c751e8b465ee728b)
Start importing Assets/Scripts/Generation/DesertGeneration.cs using Guid(9c4897dc5893d9441aec10cc61118b7e) Importer(815301076,1909f56bfc062723c751e8b465ee728b)  -> (artifact id: '4256755cdcf0e76fbf66ff2bbaa69caa') in 0.007083 seconds 
========================================================================
Received Import Request.
  Time since last request: 559.303324 seconds.
  path: Assets/Scenes/ForestRun.unity
  artifactKey: Guid(790179d4b04d8c646b9b10ea6996005a) Importer(815301076,1909f56bfc062723c751e8b465ee728b)
Start importing Assets/Scenes/ForestRun.unity using Guid(790179d4b04d8c646b9b10ea6996005a) Importer(815301076,1909f56bfc062723c751e8b465ee728b)  -> (artifact id: 'c740baee9fa43e2f3c5d6f1be0a70ce4') in 0.006862 seconds 
========================================================================
Received Import Request.
  Time since last request: 176.652491 seconds.
  path: Assets/LowPoly Environment Pack/FBX/Bush_1.fbx
  artifactKey: Guid(1938cd5cf7941f548b756cdb94a425fb) Importer(815301076,1909f56bfc062723c751e8b465ee728b)
Start importing Assets/LowPoly Environment Pack/FBX/Bush_1.fbx using Guid(1938cd5cf7941f548b756cdb94a425fb) Importer(815301076,1909f56bfc062723c751e8b465ee728b)  -> (artifact id: '0cb9dd03ae495070f754981b8b066367') in 0.572984 seconds 
========================================================================
Received Import Request.
  Time since last request: 0.000026 seconds.
  path: Assets/LowPoly Environment Pack/FBX/Stone_1.fbx
  artifactKey: Guid(8da72e9a2ba2b0d4aa84f50b8f19b35f) Importer(815301076,1909f56bfc062723c751e8b465ee728b)
Start importing Assets/LowPoly Environment Pack/FBX/Stone_1.fbx using Guid(8da72e9a2ba2b0d4aa84f50b8f19b35f) Importer(815301076,1909f56bfc062723c751e8b465ee728b)  -> (artifact id: 'b4975ecf861f969abb3601e408785d15') in 0.019002 seconds 
========================================================================
Received Import Request.
  Time since last request: 0.000041 seconds.
  path: Assets/LowPoly Environment Pack/FBX/Plant_6.fbx
  artifactKey: Guid(537ff932739c5174fa989b8403a9db91) Importer(815301076,1909f56bfc062723c751e8b465ee728b)
Start importing Assets/LowPoly Environment Pack/FBX/Plant_6.fbx using Guid(537ff932739c5174fa989b8403a9db91) Importer(815301076,1909f56bfc062723c751e8b465ee728b)  -> (artifact id: 'd9426274bbe143343dfdb994c5e3def4') in 0.022261 seconds 
========================================================================
Received Import Request.
  Time since last request: 0.000025 seconds.
  path: Assets/LowPoly Environment Pack/FBX/Mounting_1.fbx
  artifactKey: Guid(7d626b52dc7a9c24e95f55619a456158) Importer(815301076,1909f56bfc062723c751e8b465ee728b)
Start importing Assets/LowPoly Environment Pack/FBX/Mounting_1.fbx using Guid(7d626b52dc7a9c24e95f55619a456158) Importer(815301076,1909f56bfc062723c751e8b465ee728b)  -> (artifact id: '1dd57299021d35208ae8d07aa6fae4b7') in 0.022039 seconds 
========================================================================
Received Import Request.
  Time since last request: 0.000025 seconds.
  path: Assets/LowPoly Environment Pack/FBX/Rock_6.fbx
  artifactKey: Guid(71bb44319f15e0741846c4fad009f013) Importer(815301076,1909f56bfc062723c751e8b465ee728b)
Start importing Assets/LowPoly Environment Pack/FBX/Rock_6.fbx using Guid(71bb44319f15e0741846c4fad009f013) Importer(815301076,1909f56bfc062723c751e8b465ee728b)  -> (artifact id: 'a5cfa9fb06f520e78d2c04984c05c6ce') in 0.022460 seconds 
========================================================================
Received Import Request.
  Time since last request: 0.000027 seconds.
  path: Assets/LowPoly Environment Pack/FBX/Grass_1.fbx
  artifactKey: Guid(34dfeb3f659c70946a7698f1846d752b) Importer(815301076,1909f56bfc062723c751e8b465ee728b)
Start importing Assets/LowPoly Environment Pack/FBX/Grass_1.fbx using Guid(34dfeb3f659c70946a7698f1846d752b) Importer(815301076,1909f56bfc062723c751e8b465ee728b)  -> (artifact id: '336adb717dff2aaf0d98c0d2c51be0b9') in 0.021849 seconds 
========================================================================
Received Import Request.
  Time since last request: 0.000024 seconds.
  path: Assets/LowPoly Environment Pack/FBX/Tree_2.fbx
  artifactKey: Guid(24a759921bedc2541881a0535a7bfcc8) Importer(815301076,1909f56bfc062723c751e8b465ee728b)
Start importing Assets/LowPoly Environment Pack/FBX/Tree_2.fbx using Guid(24a759921bedc2541881a0535a7bfcc8) Importer(815301076,1909f56bfc062723c751e8b465ee728b)  -> (artifact id: 'b3dcf5e5f4499a023163e2674a559350') in 0.055720 seconds 
========================================================================
Received Import Request.
  Time since last request: 0.000028 seconds.
  path: Assets/LowPoly Environment Pack/FBX/Plant_4.fbx
  artifactKey: Guid(283c2a73be2ff274abe5a6c1e1ee3a48) Importer(815301076,1909f56bfc062723c751e8b465ee728b)
Start importing Assets/LowPoly Environment Pack/FBX/Plant_4.fbx using Guid(283c2a73be2ff274abe5a6c1e1ee3a48) Importer(815301076,1909f56bfc062723c751e8b465ee728b)  -> (artifact id: '9a40ac208225b84e0112d9a43bc86ab2') in 0.018730 seconds 
========================================================================
Received Import Request.
  Time since last request: 0.000023 seconds.
  path: Assets/LowPoly Environment Pack/FBX/Mounting_3.fbx
  artifactKey: Guid(492031f9cbc117d419c5271ccc50b76a) Importer(815301076,1909f56bfc062723c751e8b465ee728b)
Start importing Assets/LowPoly Environment Pack/FBX/Mounting_3.fbx using Guid(492031f9cbc117d419c5271ccc50b76a) Importer(815301076,1909f56bfc062723c751e8b465ee728b)  -> (artifact id: 'c59dacb4777c7a1fef6b4ac2ec5b14c6') in 0.020965 seconds 
========================================================================
Received Import Request.
  Time since last request: 0.000023 seconds.
  path: Assets/LowPoly Environment Pack/FBX/Rock_4.fbx
  artifactKey: Guid(b58e7fdfb89fbc549b36a69243aee4c0) Importer(815301076,1909f56bfc062723c751e8b465ee728b)
Start importing Assets/LowPoly Environment Pack/FBX/Rock_4.fbx using Guid(b58e7fdfb89fbc549b36a69243aee4c0) Importer(815301076,1909f56bfc062723c751e8b465ee728b)  -> (artifact id: '3558f110411119fc08c957d1657a275f') in 0.020546 seconds 
========================================================================
Received Import Request.
  Time since last request: 0.000027 seconds.
  path: Assets/LowPoly Environment Pack/FBX/Plant_1.fbx
  artifactKey: Guid(3739d3cd85494bb4c887d0401497fe57) Importer(815301076,1909f56bfc062723c751e8b465ee728b)
Start importing Assets/LowPoly Environment Pack/FBX/Plant_1.fbx using Guid(3739d3cd85494bb4c887d0401497fe57) Importer(815301076,1909f56bfc062723c751e8b465ee728b)  -> (artifact id: 'a12614391dbdabcc998857cffdd51cf7') in 0.019675 seconds 
========================================================================
Received Import Request.
  Time since last request: 0.000033 seconds.
  path: Assets/LowPoly Environment Pack/FBX/Log_2.fbx
  artifactKey: Guid(a834527aa1ce23a40857bdc293825f3a) Importer(815301076,1909f56bfc062723c751e8b465ee728b)
Start importing Assets/LowPoly Environment Pack/FBX/Log_2.fbx using Guid(a834527aa1ce23a40857bdc293825f3a) Importer(815301076,1909f56bfc062723c751e8b465ee728b)  -> (artifact id: '00208bbc4f71bb639e48b51acd4b4f89') in 0.020836 seconds 
========================================================================
Received Import Request.
  Time since last request: 0.000024 seconds.
  path: Assets/LowPoly Environment Pack/FBX/Plant_2.fbx
  artifactKey: Guid(c83f502368bab8140af79867b14e99c9) Importer(815301076,1909f56bfc062723c751e8b465ee728b)
Start importing Assets/LowPoly Environment Pack/FBX/Plant_2.fbx using Guid(c83f502368bab8140af79867b14e99c9) Importer(815301076,1909f56bfc062723c751e8b465ee728b)  -> (artifact id: '02046a2fc15ede8a3510133ca15953ae') in 0.019039 seconds 
========================================================================
Received Import Request.
  Time since last request: 0.000025 seconds.
  path: Assets/LowPoly Environment Pack/FBX/Tree_1.fbx
  artifactKey: Guid(c52a1ad28de5ec447a225e11be0fe132) Importer(815301076,1909f56bfc062723c751e8b465ee728b)
Start importing Assets/LowPoly Environment Pack/FBX/Tree_1.fbx using Guid(c52a1ad28de5ec447a225e11be0fe132) Importer(815301076,1909f56bfc062723c751e8b465ee728b)  -> (artifact id: '4208ba0164f1ea01f3380d9b591ed7df') in 0.051047 seconds 
========================================================================
Received Import Request.
  Time since last request: 0.000021 seconds.
  path: Assets/LowPoly Environment Pack/FBX/Environment_1.fbx
  artifactKey: Guid(a9a560b7bc05a6a46978b53fe4b40f49) Importer(815301076,1909f56bfc062723c751e8b465ee728b)
Start importing Assets/LowPoly Environment Pack/FBX/Environment_1.fbx using Guid(a9a560b7bc05a6a46978b53fe4b40f49) Importer(815301076,1909f56bfc062723c751e8b465ee728b)  -> (artifact id: 'adaf019989689c7b7df4238c04bc516b') in 0.027611 seconds 
========================================================================
Received Import Request.
  Time since last request: 0.000022 seconds.
  path: Assets/LowPoly Environment Pack/FBX/Plant_7.fbx
  artifactKey: Guid(1840141b5d3f43e49a5c7980d5c40da4) Importer(815301076,1909f56bfc062723c751e8b465ee728b)
Start importing Assets/LowPoly Environment Pack/FBX/Plant_7.fbx using Guid(1840141b5d3f43e49a5c7980d5c40da4) Importer(815301076,1909f56bfc062723c751e8b465ee728b)  -> (artifact id: 'cdb5ad701a4c87db3ab3b210841620ad') in 0.021649 seconds 
========================================================================
Received Import Request.
  Time since last request: 0.000039 seconds.
  path: Assets/LowPoly Environment Pack/FBX/Rock_2.fbx
  artifactKey: Guid(dfed2e9fb3d8ac84da441095f9422543) Importer(815301076,1909f56bfc062723c751e8b465ee728b)
Start importing Assets/LowPoly Environment Pack/FBX/Rock_2.fbx using Guid(dfed2e9fb3d8ac84da441095f9422543) Importer(815301076,1909f56bfc062723c751e8b465ee728b)  -> (artifact id: '403af66605a8ffa06ded78cfe692da2b') in 0.023309 seconds 
========================================================================
Received Import Request.
  Time since last request: 0.000022 seconds.
  path: Assets/LowPoly Environment Pack/FBX/Rock_3.fbx
  artifactKey: Guid(f902b41e10cdd2d44aaf1ada606f5d3c) Importer(815301076,1909f56bfc062723c751e8b465ee728b)
Start importing Assets/LowPoly Environment Pack/FBX/Rock_3.fbx using Guid(f902b41e10cdd2d44aaf1ada606f5d3c) Importer(815301076,1909f56bfc062723c751e8b465ee728b)  -> (artifact id: 'b8b5ebebf267fffe05be931f8cd4d1cd') in 0.022732 seconds 
========================================================================
Received Import Request.
  Time since last request: 102.590711 seconds.
  path: Assets/Materials/Black.mat
  artifactKey: Guid(3a8c40217c68a904282204edfe3fe9a0) Importer(815301076,1909f56bfc062723c751e8b465ee728b)
Start importing Assets/Materials/Black.mat using Guid(3a8c40217c68a904282204edfe3fe9a0) Importer(815301076,1909f56bfc062723c751e8b465ee728b)  -> (artifact id: '77163a5344bf64a78a033418ad714d91') in 0.094834 seconds 
========================================================================
Received Import Request.
  Time since last request: 0.000023 seconds.
  path: Assets/Materials/BrownLight.mat
  artifactKey: Guid(42a8b3cdb6bd4774abead8f922f716ba) Importer(815301076,1909f56bfc062723c751e8b465ee728b)
Start importing Assets/Materials/BrownLight.mat using Guid(42a8b3cdb6bd4774abead8f922f716ba) Importer(815301076,1909f56bfc062723c751e8b465ee728b)  -> (artifact id: '62d9499a6e1096bfdca3381be185f69f') in 0.013434 seconds 
========================================================================
Received Import Request.
  Time since last request: 0.000030 seconds.
  path: Assets/Materials/GreenDark.mat
  artifactKey: Guid(5f76aa229c7ab7b42a7f59b50294a6fd) Importer(815301076,1909f56bfc062723c751e8b465ee728b)
Start importing Assets/Materials/GreenDark.mat using Guid(5f76aa229c7ab7b42a7f59b50294a6fd) Importer(815301076,1909f56bfc062723c751e8b465ee728b)  -> (artifact id: 'c449ba3f155e2fc4e711540a272adbc9') in 0.015748 seconds 
========================================================================
Received Import Request.
  Time since last request: 0.000029 seconds.
  path: Assets/Materials/GreenDarkAlt2.mat
  artifactKey: Guid(572a2bc7b1b520144b0973d6add46004) Importer(815301076,1909f56bfc062723c751e8b465ee728b)
Start importing Assets/Materials/GreenDarkAlt2.mat using Guid(572a2bc7b1b520144b0973d6add46004) Importer(815301076,1909f56bfc062723c751e8b465ee728b)  -> (artifact id: '494386cc311e20803657e54c89ae67ae') in 0.013605 seconds 
========================================================================
Received Import Request.
  Time since last request: 0.000021 seconds.
  path: Assets/Materials/orange.mat
  artifactKey: Guid(d37ee52f26767e34b9b9969f2536643c) Importer(815301076,1909f56bfc062723c751e8b465ee728b)
Start importing Assets/Materials/orange.mat using Guid(d37ee52f26767e34b9b9969f2536643c) Importer(815301076,1909f56bfc062723c751e8b465ee728b)  -> (artifact id: 'c4f5137f06af43f07370873453a151a5') in 0.014977 seconds 
========================================================================
Received Import Request.
  Time since last request: 0.000036 seconds.
  path: Assets/Materials/Water.mat
  artifactKey: Guid(9fe80c435e8ef5a448e7ea4fbad3a6e8) Importer(815301076,1909f56bfc062723c751e8b465ee728b)
Start importing Assets/Materials/Water.mat using Guid(9fe80c435e8ef5a448e7ea4fbad3a6e8) Importer(815301076,1909f56bfc062723c751e8b465ee728b)  -> (artifact id: 'f7b55159f68b6f017b14de3638155f1c') in 0.015169 seconds 
========================================================================
Received Import Request.
  Time since last request: 0.000021 seconds.
  path: Assets/Materials/smoke_PNG55245.mat
  artifactKey: Guid(e0a05938e44e9604c923e55d586f9abc) Importer(815301076,1909f56bfc062723c751e8b465ee728b)
Start importing Assets/Materials/smoke_PNG55245.mat using Guid(e0a05938e44e9604c923e55d586f9abc) Importer(815301076,1909f56bfc062723c751e8b465ee728b)  -> (artifact id: 'c42314cf426bfd389a0288ea8f082854') in 0.067866 seconds 
========================================================================
Received Import Request.
  Time since last request: 0.000030 seconds.
  path: Assets/Materials/Gold_coin_icon 1.mat
  artifactKey: Guid(ae71142c31efbbd4196d7206102f2bb4) Importer(815301076,1909f56bfc062723c751e8b465ee728b)
Start importing Assets/Materials/Gold_coin_icon 1.mat using Guid(ae71142c31efbbd4196d7206102f2bb4) Importer(815301076,1909f56bfc062723c751e8b465ee728b)  -> (artifact id: '7c228bedc469d15f19ca0a60af1840ac') in 0.053386 seconds 
========================================================================
Received Import Request.
  Time since last request: 0.000018 seconds.
  path: Assets/Materials/GreenLight.mat
  artifactKey: Guid(13495932d16de3d41804b8866c2ae490) Importer(815301076,1909f56bfc062723c751e8b465ee728b)
Start importing Assets/Materials/GreenLight.mat using Guid(13495932d16de3d41804b8866c2ae490) Importer(815301076,1909f56bfc062723c751e8b465ee728b)  -> (artifact id: 'd5fc9ff078948042b1a0b0b60283e0f4') in 0.014612 seconds 
========================================================================
Received Import Request.
  Time since last request: 0.000020 seconds.
  path: Assets/Materials/GreyDark.mat
  artifactKey: Guid(38df13242235464489f0f53e16422660) Importer(815301076,1909f56bfc062723c751e8b465ee728b)
Start importing Assets/Materials/GreyDark.mat using Guid(38df13242235464489f0f53e16422660) Importer(815301076,1909f56bfc062723c751e8b465ee728b)  -> (artifact id: 'fd81157692a4d7fc4f43ac68ce40c950') in 0.013652 seconds 
========================================================================
Received Import Request.
  Time since last request: 0.000037 seconds.
  path: Assets/Materials/coin_texture.mat
  artifactKey: Guid(46eeefc129b9ac74bad380a5bef105d4) Importer(815301076,1909f56bfc062723c751e8b465ee728b)
Start importing Assets/Materials/coin_texture.mat using Guid(46eeefc129b9ac74bad380a5bef105d4) Importer(815301076,1909f56bfc062723c751e8b465ee728b)  -> (artifact id: '1bfda5027885246085e89311116eb6cb') in 0.017585 seconds 
========================================================================
Received Import Request.
  Time since last request: 0.000022 seconds.
  path: Assets/Materials/silverLight.mat
  artifactKey: Guid(ede6f2bf1cafc0b4bad558029a1b4c76) Importer(815301076,1909f56bfc062723c751e8b465ee728b)
Start importing Assets/Materials/silverLight.mat using Guid(ede6f2bf1cafc0b4bad558029a1b4c76) Importer(815301076,1909f56bfc062723c751e8b465ee728b)  -> (artifact id: '1bfe3f7ccd2fd10df5090a09264b06b9') in 0.015010 seconds 
========================================================================
Received Import Request.
  Time since last request: 0.000021 seconds.
  path: Assets/Materials/yellow.mat
  artifactKey: Guid(bce24231fdae70147a1831716fc3a9ab) Importer(815301076,1909f56bfc062723c751e8b465ee728b)
Start importing Assets/Materials/yellow.mat using Guid(bce24231fdae70147a1831716fc3a9ab) Importer(815301076,1909f56bfc062723c751e8b465ee728b)  -> (artifact id: 'b1b40aad6ab8a50812b4043171ee2933') in 0.020154 seconds 
========================================================================
Received Import Request.
  Time since last request: 0.000022 seconds.
  path: Assets/Materials/Green.mat
  artifactKey: Guid(4790eefb93585d147ba86af27f2ddee8) Importer(815301076,1909f56bfc062723c751e8b465ee728b)
Start importing Assets/Materials/Green.mat using Guid(4790eefb93585d147ba86af27f2ddee8) Importer(815301076,1909f56bfc062723c751e8b465ee728b)  -> (artifact id: '7c5f1a3e93939d016cdf93eaba4801e1') in 0.014575 seconds 
Editor requested this worker to shutdown with reason: Scaling down because of idle timeout
AssetImportWorker is now disconnected from the server
Process exiting
Exiting without the bug reporter. Application will terminate with return code 0