Using pre-set license
Built from '2021.3/staging' branch; Version is '2021.3.23f1 (213b516bf396) revision 2177873'; Using compiler version '192829333'; Build Type 'Release'
OS: 'Windows 11  (10.0.22621) 64bit Professional' Language: 'en' Physical Memory: 16294 MB
BatchMode: 1, IsHumanControllingUs: 0, StartBugReporterOnCrash: 0, Is64bit: 1, IsPro: 1

COMMAND LINE ARGUMENTS:
C:\Program Files\Unity\Hub\Editor\2021.3.23f1\Editor\Unity.exe
-adb2
-batchMode
-noUpm
-name
AssetImportWorker4
-projectPath
C:/Users/Liam Whitbeck/Documents/OU Spring 2023/Computer Graphics/04_Timmy_Mousey_SOURCE_CODE/Timmy_Mousey_SOURCE_CODE/Timmy & Mousey
-logFile
Logs/AssetImportWorker4.log
-srvPort
58656
Successfully changed project path to: C:/Users/Liam Whitbeck/Documents/OU Spring 2023/Computer Graphics/04_Timmy_Mousey_SOURCE_CODE/Timmy_Mousey_SOURCE_CODE/Timmy & Mousey
C:/Users/Liam Whitbeck/Documents/OU Spring 2023/Computer Graphics/04_Timmy_Mousey_SOURCE_CODE/Timmy_Mousey_SOURCE_CODE/Timmy & Mousey
[UnityMemory] Configuration Parameters - Can be set up in boot.config
    "memorysetup-bucket-allocator-granularity=16"
    "memorysetup-bucket-allocator-bucket-count=8"
    "memorysetup-bucket-allocator-block-size=33554432"
    "memorysetup-bucket-allocator-block-count=8"
    "memorysetup-main-allocator-block-size=16777216"
    "memorysetup-thread-allocator-block-size=16777216"
    "memorysetup-gfx-main-allocator-block-size=16777216"
    "memorysetup-gfx-thread-allocator-block-size=16777216"
    "memorysetup-cache-allocator-block-size=4194304"
    "memorysetup-typetree-allocator-block-size=2097152"
    "memorysetup-profiler-bucket-allocator-granularity=16"
    "memorysetup-profiler-bucket-allocator-bucket-count=8"
    "memorysetup-profiler-bucket-allocator-block-size=33554432"
    "memorysetup-profiler-bucket-allocator-block-count=8"
    "memorysetup-profiler-allocator-block-size=16777216"
    "memorysetup-profiler-editor-allocator-block-size=1048576"
    "memorysetup-temp-allocator-size-main=16777216"
    "memorysetup-job-temp-allocator-block-size=2097152"
    "memorysetup-job-temp-allocator-block-size-background=1048576"
    "memorysetup-job-temp-allocator-reduction-small-platforms=262144"
    "memorysetup-temp-allocator-size-background-worker=32768"
    "memorysetup-temp-allocator-size-job-worker=262144"
    "memorysetup-temp-allocator-size-preload-manager=33554432"
    "memorysetup-temp-allocator-size-nav-mesh-worker=65536"
    "memorysetup-temp-allocator-size-audio-worker=65536"
    "memorysetup-temp-allocator-size-cloud-worker=32768"
    "memorysetup-temp-allocator-size-gi-baking-worker=262144"
    "memorysetup-temp-allocator-size-gfx=262144"
Player connection [14916] Host "[IP] 192.168.1.7 [Port] 0 [Flags] 2 [Guid] 3289826760 [EditorId] 3289826760 [Version] 1048832 [Id] WindowsEditor(7,DESKTOP-DJRGAAC) [Debug] 1 [PackageName] WindowsEditor [ProjectName] Editor" joined multi-casting on [225.0.0.222:54997]...

Player connection [14916] Host "[IP] 192.168.1.7 [Port] 0 [Flags] 2 [Guid] 3289826760 [EditorId] 3289826760 [Version] 1048832 [Id] WindowsEditor(7,DESKTOP-DJRGAAC) [Debug] 1 [PackageName] WindowsEditor [ProjectName] Editor" joined alternative multi-casting on [225.0.0.222:34997]...

Refreshing native plugins compatible for Editor in 66.85 ms, found 2 plugins.
Preloading 0 native plugins for Editor in 0.00 ms.
Initialize engine version: 2021.3.23f1 (213b516bf396)
[Subsystems] Discovering subsystems at path C:/Program Files/Unity/Hub/Editor/2021.3.23f1/Editor/Data/Resources/UnitySubsystems
[Subsystems] Discovering subsystems at path C:/Users/Liam Whitbeck/Documents/OU Spring 2023/Computer Graphics/04_Timmy_Mousey_SOURCE_CODE/Timmy_Mousey_SOURCE_CODE/Timmy & Mousey/Assets
GfxDevice: creating device client; threaded=0; jobified=0
Direct3D:
    Version:  Direct3D 11.0 [level 11.1]
    Renderer: NVIDIA GeForce RTX 3060 Ti (ID=0x2489)
    Vendor:   NVIDIA
    VRAM:     8038 MB
    Driver:   31.0.15.2824
Initialize mono
Mono path[0] = 'C:/Program Files/Unity/Hub/Editor/2021.3.23f1/Editor/Data/Managed'
Mono path[1] = 'C:/Program Files/Unity/Hub/Editor/2021.3.23f1/Editor/Data/MonoBleedingEdge/lib/mono/unityjit-win32'
Mono config path = 'C:/Program Files/Unity/Hub/Editor/2021.3.23f1/Editor/Data/MonoBleedingEdge/etc'
Using monoOptions --debugger-agent=transport=dt_socket,embedding=1,server=y,suspend=n,address=127.0.0.1:56860
Begin MonoManager ReloadAssembly
Registering precompiled unity dll's ...
Register platform support module: C:/Program Files/Unity/Hub/Editor/2021.3.23f1/Editor/Data/PlaybackEngines/WebGLSupport/UnityEditor.WebGL.Extensions.dll
Register platform support module: C:/Program Files/Unity/Hub/Editor/2021.3.23f1/Editor/Data/PlaybackEngines/WindowsStandaloneSupport/UnityEditor.WindowsStandalone.Extensions.dll
Registered in 0.005151 seconds.
Native extension for WindowsStandalone target not found
Native extension for WebGL target not found
Refreshing native plugins compatible for Editor in 47.54 ms, found 2 plugins.
Preloading 0 native plugins for Editor in 0.00 ms.
Mono: successfully reloaded assembly
- Completed reload, in  0.565 seconds
Domain Reload Profiling:
	ReloadAssembly (566ms)
		BeginReloadAssembly (81ms)
			ExecutionOrderSort (0ms)
			DisableScriptedObjects (0ms)
			BackupInstance (0ms)
			ReleaseScriptingObjects (0ms)
			CreateAndSetChildDomain (1ms)
		EndReloadAssembly (393ms)
			LoadAssemblies (80ms)
			RebuildTransferFunctionScriptingTraits (0ms)
			SetupTypeCache (97ms)
			ReleaseScriptCaches (0ms)
			RebuildScriptCaches (24ms)
			SetupLoadedEditorAssemblies (224ms)
				LogAssemblyErrors (0ms)
				InitializePlatformSupportModulesInManaged (8ms)
				SetLoadedEditorAssemblies (1ms)
				RefreshPlugins (48ms)
				BeforeProcessingInitializeOnLoad (1ms)
				ProcessInitializeOnLoadAttributes (126ms)
				ProcessInitializeOnLoadMethodAttributes (41ms)
				AfterProcessingInitializeOnLoad (0ms)
				EditorAssembliesLoaded (0ms)
			ExecutionOrderSort2 (0ms)
			AwakeInstancesAfterBackupRestoration (0ms)
Platform modules already initialized, skipping
Registering precompiled user dll's ...
Registered in 0.007640 seconds.
Begin MonoManager ReloadAssembly
Native extension for WindowsStandalone target not found
Native extension for WebGL target not found
Refreshing native plugins compatible for Editor in 0.79 ms, found 2 plugins.
Preloading 0 native plugins for Editor in 0.00 ms.
Mono: successfully reloaded assembly
- Completed reload, in  0.989 seconds
Domain Reload Profiling:
	ReloadAssembly (990ms)
		BeginReloadAssembly (140ms)
			ExecutionOrderSort (0ms)
			DisableScriptedObjects (6ms)
			BackupInstance (0ms)
			ReleaseScriptingObjects (0ms)
			CreateAndSetChildDomain (20ms)
		EndReloadAssembly (743ms)
			LoadAssemblies (111ms)
			RebuildTransferFunctionScriptingTraits (0ms)
			SetupTypeCache (178ms)
			ReleaseScriptCaches (1ms)
			RebuildScriptCaches (43ms)
			SetupLoadedEditorAssemblies (411ms)
				LogAssemblyErrors (0ms)
				InitializePlatformSupportModulesInManaged (5ms)
				SetLoadedEditorAssemblies (0ms)
				RefreshPlugins (1ms)
				BeforeProcessingInitializeOnLoad (67ms)
				ProcessInitializeOnLoadAttributes (206ms)
				ProcessInitializeOnLoadMethodAttributes (125ms)
				AfterProcessingInitializeOnLoad (6ms)
				EditorAssembliesLoaded (0ms)
			ExecutionOrderSort2 (0ms)
			AwakeInstancesAfterBackupRestoration (6ms)
Platform modules already initialized, skipping
========================================================================
Worker process is ready to serve import requests
Launched and connected shader compiler UnityShaderCompiler.exe after 0.05 seconds
Refreshing native plugins compatible for Editor in 1.28 ms, found 2 plugins.
Preloading 0 native plugins for Editor in 0.00 ms.
Unloading 2379 Unused Serialized files (Serialized files now loaded: 0)
Unloading 61 unused Assets / (60.8 KB). Loaded Objects now: 2846.
Memory consumption went from 170.2 MB to 170.2 MB.
Total: 7.661900 ms (FindLiveObjects: 0.294200 ms CreateObjectMapping: 0.065200 ms MarkObjects: 7.094700 ms  DeleteObjects: 0.206300 ms)

AssetImportParameters requested are different than current active one (requested -> active):
  custom:video-decoder-ogg-theora: a1e56fd34408186e4bbccfd4996cb3dc -> 
  custom:container-muxer-webm: aa71ff27fc2769a1b78a27578f13a17b -> 
  custom:container-demuxer-webm: 4f35f7cbe854078d1ac9338744f61a02 -> 
  custom:video-encoder-webm-vp8: eb34c28f22e8b96e1ab97ce403110664 -> 
  custom:video-codec-MediaFoundation-h265: 746d11721c4dcdbdad8f713fa42b33f4 -> 
  custom:audio-encoder-webm-vorbis: bf7c407c2cedff20999df2af8eb42d56 -> 
  custom:framework-win-MediaFoundation: 216162199b28c13a410421893ffa2e32 -> 
  custom:container-demuxer-ogg: 62fdf1f143b41e24485cea50d1cbac27 -> 
  custom:video-decoder-webm-vp8: 9c59270c3fd7afecdb556c50c9e8de78 -> 
  custom:audio-decoder-ogg-vorbis: bf7c407c2cedff20999df2af8eb42d56 -> 
========================================================================
Received Import Request.
  Time since last request: 526433.651254 seconds.
  path: Assets/Scenes/SampleScene.unity
  artifactKey: Guid(10b2d0967c0a69145ba97281d4258b4a) Importer(815301076,1909f56bfc062723c751e8b465ee728b)
Start importing Assets/Scenes/SampleScene.unity using Guid(10b2d0967c0a69145ba97281d4258b4a) Importer(815301076,1909f56bfc062723c751e8b465ee728b)  -> (artifact id: '98b2c7b612d388a81b619bc4e197505f') in 0.012737 seconds 
========================================================================
Received Import Request.
  Time since last request: 124.959816 seconds.
  path: Assets/Scenes/ForestRun.unity
  artifactKey: Guid(790179d4b04d8c646b9b10ea6996005a) Importer(815301076,1909f56bfc062723c751e8b465ee728b)
Start importing Assets/Scenes/ForestRun.unity using Guid(790179d4b04d8c646b9b10ea6996005a) Importer(815301076,1909f56bfc062723c751e8b465ee728b)  -> (artifact id: '0a33e8b8e2ac532719cec30d3a885eb8') in 0.003082 seconds 
========================================================================
Received Import Request.
  Time since last request: 193.304442 seconds.
  path: Assets/3Skyboxes/Materials
  artifactKey: Guid(c94243b0386df3749bbd117e8fd0f1f7) Importer(815301076,1909f56bfc062723c751e8b465ee728b)
Start importing Assets/3Skyboxes/Materials using Guid(c94243b0386df3749bbd117e8fd0f1f7) Importer(815301076,1909f56bfc062723c751e8b465ee728b)  -> (artifact id: '4c14cc7e5c52f2f4803764244098d24c') in 0.002628 seconds 
========================================================================
Received Import Request.
  Time since last request: 0.017899 seconds.
  path: Assets/3Skyboxes/Materials/Skybox_BlueNebular.mat
  artifactKey: Guid(b6a3f8bca2c865243929bac258c89b96) Importer(815301076,1909f56bfc062723c751e8b465ee728b)
Start importing Assets/3Skyboxes/Materials/Skybox_BlueNebular.mat using Guid(b6a3f8bca2c865243929bac258c89b96) Importer(815301076,1909f56bfc062723c751e8b465ee728b)  -> (artifact id: '397b6dc3749ec8ae6700361cf9134c29') in 0.516689 seconds 
========================================================================
Received Import Request.
  Time since last request: 2.444658 seconds.
  path: Assets/3Skyboxes/Skybox_BlueNebular_Textures
  artifactKey: Guid(5402e9672466f5b48bf1ff2732171f05) Importer(815301076,1909f56bfc062723c751e8b465ee728b)
Start importing Assets/3Skyboxes/Skybox_BlueNebular_Textures using Guid(5402e9672466f5b48bf1ff2732171f05) Importer(815301076,1909f56bfc062723c751e8b465ee728b)  -> (artifact id: '939a90b54269e77dd6a3884d88af3817') in 0.006531 seconds 
========================================================================
Received Import Request.
  Time since last request: 0.059501 seconds.
  path: Assets/3Skyboxes/Skybox_BlueNebular_Textures/BlueNebular_back.jpg
  artifactKey: Guid(714add663c6602a45ae7182a6c144323) Importer(815301076,1909f56bfc062723c751e8b465ee728b)
Start importing Assets/3Skyboxes/Skybox_BlueNebular_Textures/BlueNebular_back.jpg using Guid(714add663c6602a45ae7182a6c144323) Importer(815301076,1909f56bfc062723c751e8b465ee728b)  -> (artifact id: 'bb5a66f6f9e00c9d311f2417400f5cb3') in 0.089173 seconds 
========================================================================
Received Import Request.
  Time since last request: 0.000034 seconds.
  path: Assets/3Skyboxes/Skybox_BlueNebular_Textures/BlueNebular_front.jpg
  artifactKey: Guid(64256e95256b9064bb85c6658ea884aa) Importer(815301076,1909f56bfc062723c751e8b465ee728b)
Start importing Assets/3Skyboxes/Skybox_BlueNebular_Textures/BlueNebular_front.jpg using Guid(64256e95256b9064bb85c6658ea884aa) Importer(815301076,1909f56bfc062723c751e8b465ee728b)  -> (artifact id: '74ce47fbaf481f3108005888d8b17f50') in 0.042314 seconds 
========================================================================
Received Import Request.
  Time since last request: 0.000036 seconds.
  path: Assets/3Skyboxes/Skybox_BlueNebular_Textures/BlueNebular_right.jpg
  artifactKey: Guid(06b96ca4707fbf24e80cbcfe2ab88549) Importer(815301076,1909f56bfc062723c751e8b465ee728b)
Start importing Assets/3Skyboxes/Skybox_BlueNebular_Textures/BlueNebular_right.jpg using Guid(06b96ca4707fbf24e80cbcfe2ab88549) Importer(815301076,1909f56bfc062723c751e8b465ee728b)  -> (artifact id: '05c5592dffc177f4190f7a03a48cc3d5') in 0.042437 seconds 
Editor requested this worker to shutdown with reason: Scaling down because of idle timeout
AssetImportWorker is now disconnected from the server
Process exiting
Exiting without the bug reporter. Application will terminate with return code 0